<?xml version="1.0" encoding="UTF-8" ?>
<testsuites name="vitest tests" tests="2" failures="0" errors="0" time="1.4568594">
    <testsuite name="src/containers/login/login.test.tsx" timestamp="2026-06-26T13:11:11.866Z" hostname="DESKTOP-U82KM4U" tests="2" failures="0" errors="0" skipped="0" time="1.4568594">
        <testcase classname="src/containers/login/login.test.tsx" name="Login flow &gt; logs in with the hardcoded user via MSW" time="0.7644466">
            <system-err>
Warning: An update to LoginForm inside a test was not wrapped in act(...).

When testing, code that causes React state updates should be wrapped into act(...):

act(() =&gt; {
  /* fire events that update state */
});
/* assert on the output */

This ensures that you&apos;re testing the behavior the user would see in the browser. Learn more at https://reactjs.org/link/wrap-tests-with-act
    at LoginForm (C:\Users\Paul\OneDrive\Desktop\quick-test\src\components\auth\login-form\login-form.tsx:13:22)
    at LoginContainer (C:\Users\Paul\OneDrive\Desktop\quick-test\src\containers\login\login.tsx:11:57)
    at div
    at section
    at div
    at AuthLayout (C:\Users\Paul\OneDrive\Desktop\quick-test\src\hoc\auth-layout\auth-layout.tsx:5:3)
    at LoginPage (C:\Users\Paul\OneDrive\Desktop\quick-test\src\views\login\login-page.tsx:10:55)
    at RenderedRoute (file:///C:/Users/Paul/OneDrive/Desktop/quick-test/node_modules/react-router/dist/development/chunk-4ZMWKKQ3.mjs:6218:26)
    at Routes (file:///C:/Users/Paul/OneDrive/Desktop/quick-test/node_modules/react-router/dist/development/chunk-4ZMWKKQ3.mjs:7097:3)
    at Router (file:///C:/Users/Paul/OneDrive/Desktop/quick-test/node_modules/react-router/dist/development/chunk-4ZMWKKQ3.mjs:7036:13)
    at MemoryRouter (file:///C:/Users/Paul/OneDrive/Desktop/quick-test/node_modules/react-router/dist/development/chunk-4ZMWKKQ3.mjs:6952:3)
    at MantineThemeProvider (file:///C:/Users/Paul/OneDrive/Desktop/quick-test/node_modules/@mantine/core/esm/core/MantineProvider/MantineThemeProvider/MantineThemeProvider.mjs:19:3)
    at MantineProvider (file:///C:/Users/Paul/OneDrive/Desktop/quick-test/node_modules/@mantine/core/esm/core/MantineProvider/MantineProvider.mjs:15:3)
    at QueryClientProvider (file:///C:/Users/Paul/OneDrive/Desktop/quick-test/node_modules/@tanstack/react-query/build/modern/QueryClientProvider.js:20:3)

Warning: An update to LoginForm inside a test was not wrapped in act(...).

When testing, code that causes React state updates should be wrapped into act(...):

act(() =&gt; {
  /* fire events that update state */
});
/* assert on the output */

This ensures that you&apos;re testing the behavior the user would see in the browser. Learn more at https://reactjs.org/link/wrap-tests-with-act
    at LoginForm (C:\Users\Paul\OneDrive\Desktop\quick-test\src\components\auth\login-form\login-form.tsx:13:22)
    at LoginContainer (C:\Users\Paul\OneDrive\Desktop\quick-test\src\containers\login\login.tsx:11:57)
    at div
    at section
    at div
    at AuthLayout (C:\Users\Paul\OneDrive\Desktop\quick-test\src\hoc\auth-layout\auth-layout.tsx:5:3)
    at LoginPage (C:\Users\Paul\OneDrive\Desktop\quick-test\src\views\login\login-page.tsx:10:55)
    at RenderedRoute (file:///C:/Users/Paul/OneDrive/Desktop/quick-test/node_modules/react-router/dist/development/chunk-4ZMWKKQ3.mjs:6218:26)
    at Routes (file:///C:/Users/Paul/OneDrive/Desktop/quick-test/node_modules/react-router/dist/development/chunk-4ZMWKKQ3.mjs:7097:3)
    at Router (file:///C:/Users/Paul/OneDrive/Desktop/quick-test/node_modules/react-router/dist/development/chunk-4ZMWKKQ3.mjs:7036:13)
    at MemoryRouter (file:///C:/Users/Paul/OneDrive/Desktop/quick-test/node_modules/react-router/dist/development/chunk-4ZMWKKQ3.mjs:6952:3)
    at MantineThemeProvider (file:///C:/Users/Paul/OneDrive/Desktop/quick-test/node_modules/@mantine/core/esm/core/MantineProvider/MantineThemeProvider/MantineThemeProvider.mjs:19:3)
    at MantineProvider (file:///C:/Users/Paul/OneDrive/Desktop/quick-test/node_modules/@mantine/core/esm/core/MantineProvider/MantineProvider.mjs:15:3)
    at QueryClientProvider (file:///C:/Users/Paul/OneDrive/Desktop/quick-test/node_modules/@tanstack/react-query/build/modern/QueryClientProvider.js:20:3)
Warning: An update to LoginForm inside a test was not wrapped in act(...).

When testing, code that causes React state updates should be wrapped into act(...):

act(() =&gt; {
  /* fire events that update state */
});
/* assert on the output */

This ensures that you&apos;re testing the behavior the user would see in the browser. Learn more at https://reactjs.org/link/wrap-tests-with-act
    at LoginForm (C:\Users\Paul\OneDrive\Desktop\quick-test\src\components\auth\login-form\login-form.tsx:13:22)
    at LoginContainer (C:\Users\Paul\OneDrive\Desktop\quick-test\src\containers\login\login.tsx:11:57)
    at div
    at section
    at div
    at AuthLayout (C:\Users\Paul\OneDrive\Desktop\quick-test\src\hoc\auth-layout\auth-layout.tsx:5:3)
    at LoginPage (C:\Users\Paul\OneDrive\Desktop\quick-test\src\views\login\login-page.tsx:10:55)
    at RenderedRoute (file:///C:/Users/Paul/OneDrive/Desktop/quick-test/node_modules/react-router/dist/development/chunk-4ZMWKKQ3.mjs:6218:26)
    at Routes (file:///C:/Users/Paul/OneDrive/Desktop/quick-test/node_modules/react-router/dist/development/chunk-4ZMWKKQ3.mjs:7097:3)
    at Router (file:///C:/Users/Paul/OneDrive/Desktop/quick-test/node_modules/react-router/dist/development/chunk-4ZMWKKQ3.mjs:7036:13)
    at MemoryRouter (file:///C:/Users/Paul/OneDrive/Desktop/quick-test/node_modules/react-router/dist/development/chunk-4ZMWKKQ3.mjs:6952:3)
    at MantineThemeProvider (file:///C:/Users/Paul/OneDrive/Desktop/quick-test/node_modules/@mantine/core/esm/core/MantineProvider/MantineThemeProvider/MantineThemeProvider.mjs:19:3)
    at MantineProvider (file:///C:/Users/Paul/OneDrive/Desktop/quick-test/node_modules/@mantine/core/esm/core/MantineProvider/MantineProvider.mjs:15:3)
    at QueryClientProvider (file:///C:/Users/Paul/OneDrive/Desktop/quick-test/node_modules/@tanstack/react-query/build/modern/QueryClientProvider.js:20:3)
Warning: An update to LoginForm inside a test was not wrapped in act(...).

When testing, code that causes React state updates should be wrapped into act(...):

act(() =&gt; {
  /* fire events that update state */
});
/* assert on the output */

This ensures that you&apos;re testing the behavior the user would see in the browser. Learn more at https://reactjs.org/link/wrap-tests-with-act
    at LoginForm (C:\Users\Paul\OneDrive\Desktop\quick-test\src\components\auth\login-form\login-form.tsx:13:22)
    at LoginContainer (C:\Users\Paul\OneDrive\Desktop\quick-test\src\containers\login\login.tsx:11:57)
    at div
    at section
    at div
    at AuthLayout (C:\Users\Paul\OneDrive\Desktop\quick-test\src\hoc\auth-layout\auth-layout.tsx:5:3)
    at LoginPage (C:\Users\Paul\OneDrive\Desktop\quick-test\src\views\login\login-page.tsx:10:55)
    at RenderedRoute (file:///C:/Users/Paul/OneDrive/Desktop/quick-test/node_modules/react-router/dist/development/chunk-4ZMWKKQ3.mjs:6218:26)
    at Routes (file:///C:/Users/Paul/OneDrive/Desktop/quick-test/node_modules/react-router/dist/development/chunk-4ZMWKKQ3.mjs:7097:3)
    at Router (file:///C:/Users/Paul/OneDrive/Desktop/quick-test/node_modules/react-router/dist/development/chunk-4ZMWKKQ3.mjs:7036:13)
    at MemoryRouter (file:///C:/Users/Paul/OneDrive/Desktop/quick-test/node_modules/react-router/dist/development/chunk-4ZMWKKQ3.mjs:6952:3)
    at MantineThemeProvider (file:///C:/Users/Paul/OneDrive/Desktop/quick-test/node_modules/@mantine/core/esm/core/MantineProvider/MantineThemeProvider/MantineThemeProvider.mjs:19:3)
    at MantineProvider (file:///C:/Users/Paul/OneDrive/Desktop/quick-test/node_modules/@mantine/core/esm/core/MantineProvider/MantineProvider.mjs:15:3)
    at QueryClientProvider (file:///C:/Users/Paul/OneDrive/Desktop/quick-test/node_modules/@tanstack/react-query/build/modern/QueryClientProvider.js:20:3)

Warning: An update to LoginForm inside a test was not wrapped in act(...).

When testing, code that causes React state updates should be wrapped into act(...):

act(() =&gt; {
  /* fire events that update state */
});
/* assert on the output */

This ensures that you&apos;re testing the behavior the user would see in the browser. Learn more at https://reactjs.org/link/wrap-tests-with-act
    at LoginForm (C:\Users\Paul\OneDrive\Desktop\quick-test\src\components\auth\login-form\login-form.tsx:13:22)
    at LoginContainer (C:\Users\Paul\OneDrive\Desktop\quick-test\src\containers\login\login.tsx:11:57)
    at div
    at section
    at div
    at AuthLayout (C:\Users\Paul\OneDrive\Desktop\quick-test\src\hoc\auth-layout\auth-layout.tsx:5:3)
    at LoginPage (C:\Users\Paul\OneDrive\Desktop\quick-test\src\views\login\login-page.tsx:10:55)
    at RenderedRoute (file:///C:/Users/Paul/OneDrive/Desktop/quick-test/node_modules/react-router/dist/development/chunk-4ZMWKKQ3.mjs:6218:26)
    at Routes (file:///C:/Users/Paul/OneDrive/Desktop/quick-test/node_modules/react-router/dist/development/chunk-4ZMWKKQ3.mjs:7097:3)
    at Router (file:///C:/Users/Paul/OneDrive/Desktop/quick-test/node_modules/react-router/dist/development/chunk-4ZMWKKQ3.mjs:7036:13)
    at MemoryRouter (file:///C:/Users/Paul/OneDrive/Desktop/quick-test/node_modules/react-router/dist/development/chunk-4ZMWKKQ3.mjs:6952:3)
    at MantineThemeProvider (file:///C:/Users/Paul/OneDrive/Desktop/quick-test/node_modules/@mantine/core/esm/core/MantineProvider/MantineThemeProvider/MantineThemeProvider.mjs:19:3)
    at MantineProvider (file:///C:/Users/Paul/OneDrive/Desktop/quick-test/node_modules/@mantine/core/esm/core/MantineProvider/MantineProvider.mjs:15:3)
    at QueryClientProvider (file:///C:/Users/Paul/OneDrive/Desktop/quick-test/node_modules/@tanstack/react-query/build/modern/QueryClientProvider.js:20:3)
Warning: An update to LoginForm inside a test was not wrapped in act(...).

When testing, code that causes React state updates should be wrapped into act(...):

act(() =&gt; {
  /* fire events that update state */
});
/* assert on the output */

This ensures that you&apos;re testing the behavior the user would see in the browser. Learn more at https://reactjs.org/link/wrap-tests-with-act
    at LoginForm (C:\Users\Paul\OneDrive\Desktop\quick-test\src\components\auth\login-form\login-form.tsx:13:22)
    at LoginContainer (C:\Users\Paul\OneDrive\Desktop\quick-test\src\containers\login\login.tsx:11:57)
    at div
    at section
    at div
    at AuthLayout (C:\Users\Paul\OneDrive\Desktop\quick-test\src\hoc\auth-layout\auth-layout.tsx:5:3)
    at LoginPage (C:\Users\Paul\OneDrive\Desktop\quick-test\src\views\login\login-page.tsx:10:55)
    at RenderedRoute (file:///C:/Users/Paul/OneDrive/Desktop/quick-test/node_modules/react-router/dist/development/chunk-4ZMWKKQ3.mjs:6218:26)
    at Routes (file:///C:/Users/Paul/OneDrive/Desktop/quick-test/node_modules/react-router/dist/development/chunk-4ZMWKKQ3.mjs:7097:3)
    at Router (file:///C:/Users/Paul/OneDrive/Desktop/quick-test/node_modules/react-router/dist/development/chunk-4ZMWKKQ3.mjs:7036:13)
    at MemoryRouter (file:///C:/Users/Paul/OneDrive/Desktop/quick-test/node_modules/react-router/dist/development/chunk-4ZMWKKQ3.mjs:6952:3)
    at MantineThemeProvider (file:///C:/Users/Paul/OneDrive/Desktop/quick-test/node_modules/@mantine/core/esm/core/MantineProvider/MantineThemeProvider/MantineThemeProvider.mjs:19:3)
    at MantineProvider (file:///C:/Users/Paul/OneDrive/Desktop/quick-test/node_modules/@mantine/core/esm/core/MantineProvider/MantineProvider.mjs:15:3)
    at QueryClientProvider (file:///C:/Users/Paul/OneDrive/Desktop/quick-test/node_modules/@tanstack/react-query/build/modern/QueryClientProvider.js:20:3)
Warning: An update to LoginForm inside a test was not wrapped in act(...).

When testing, code that causes React state updates should be wrapped into act(...):

act(() =&gt; {
  /* fire events that update state */
});
/* assert on the output */

This ensures that you&apos;re testing the behavior the user would see in the browser. Learn more at https://reactjs.org/link/wrap-tests-with-act
    at LoginForm (C:\Users\Paul\OneDrive\Desktop\quick-test\src\components\auth\login-form\login-form.tsx:13:22)
    at LoginContainer (C:\Users\Paul\OneDrive\Desktop\quick-test\src\containers\login\login.tsx:11:57)
    at div
    at section
    at div
    at AuthLayout (C:\Users\Paul\OneDrive\Desktop\quick-test\src\hoc\auth-layout\auth-layout.tsx:5:3)
    at LoginPage (C:\Users\Paul\OneDrive\Desktop\quick-test\src\views\login\login-page.tsx:10:55)
    at RenderedRoute (file:///C:/Users/Paul/OneDrive/Desktop/quick-test/node_modules/react-router/dist/development/chunk-4ZMWKKQ3.mjs:6218:26)
    at Routes (file:///C:/Users/Paul/OneDrive/Desktop/quick-test/node_modules/react-router/dist/development/chunk-4ZMWKKQ3.mjs:7097:3)
    at Router (file:///C:/Users/Paul/OneDrive/Desktop/quick-test/node_modules/react-router/dist/development/chunk-4ZMWKKQ3.mjs:7036:13)
    at MemoryRouter (file:///C:/Users/Paul/OneDrive/Desktop/quick-test/node_modules/react-router/dist/development/chunk-4ZMWKKQ3.mjs:6952:3)
    at MantineThemeProvider (file:///C:/Users/Paul/OneDrive/Desktop/quick-test/node_modules/@mantine/core/esm/core/MantineProvider/MantineThemeProvider/MantineThemeProvider.mjs:19:3)
    at MantineProvider (file:///C:/Users/Paul/OneDrive/Desktop/quick-test/node_modules/@mantine/core/esm/core/MantineProvider/MantineProvider.mjs:15:3)
    at QueryClientProvider (file:///C:/Users/Paul/OneDrive/Desktop/quick-test/node_modules/@tanstack/react-query/build/modern/QueryClientProvider.js:20:3)

Warning: An update to LoginForm inside a test was not wrapped in act(...).

When testing, code that causes React state updates should be wrapped into act(...):

act(() =&gt; {
  /* fire events that update state */
});
/* assert on the output */

This ensures that you&apos;re testing the behavior the user would see in the browser. Learn more at https://reactjs.org/link/wrap-tests-with-act
    at LoginForm (C:\Users\Paul\OneDrive\Desktop\quick-test\src\components\auth\login-form\login-form.tsx:13:22)
    at LoginContainer (C:\Users\Paul\OneDrive\Desktop\quick-test\src\containers\login\login.tsx:11:57)
    at div
    at section
    at div
    at AuthLayout (C:\Users\Paul\OneDrive\Desktop\quick-test\src\hoc\auth-layout\auth-layout.tsx:5:3)
    at LoginPage (C:\Users\Paul\OneDrive\Desktop\quick-test\src\views\login\login-page.tsx:10:55)
    at RenderedRoute (file:///C:/Users/Paul/OneDrive/Desktop/quick-test/node_modules/react-router/dist/development/chunk-4ZMWKKQ3.mjs:6218:26)
    at Routes (file:///C:/Users/Paul/OneDrive/Desktop/quick-test/node_modules/react-router/dist/development/chunk-4ZMWKKQ3.mjs:7097:3)
    at Router (file:///C:/Users/Paul/OneDrive/Desktop/quick-test/node_modules/react-router/dist/development/chunk-4ZMWKKQ3.mjs:7036:13)
    at MemoryRouter (file:///C:/Users/Paul/OneDrive/Desktop/quick-test/node_modules/react-router/dist/development/chunk-4ZMWKKQ3.mjs:6952:3)
    at MantineThemeProvider (file:///C:/Users/Paul/OneDrive/Desktop/quick-test/node_modules/@mantine/core/esm/core/MantineProvider/MantineThemeProvider/MantineThemeProvider.mjs:19:3)
    at MantineProvider (file:///C:/Users/Paul/OneDrive/Desktop/quick-test/node_modules/@mantine/core/esm/core/MantineProvider/MantineProvider.mjs:15:3)
    at QueryClientProvider (file:///C:/Users/Paul/OneDrive/Desktop/quick-test/node_modules/@tanstack/react-query/build/modern/QueryClientProvider.js:20:3)
Warning: An update to LoginForm inside a test was not wrapped in act(...).

When testing, code that causes React state updates should be wrapped into act(...):

act(() =&gt; {
  /* fire events that update state */
});
/* assert on the output */

This ensures that you&apos;re testing the behavior the user would see in the browser. Learn more at https://reactjs.org/link/wrap-tests-with-act
    at LoginForm (C:\Users\Paul\OneDrive\Desktop\quick-test\src\components\auth\login-form\login-form.tsx:13:22)
    at LoginContainer (C:\Users\Paul\OneDrive\Desktop\quick-test\src\containers\login\login.tsx:11:57)
    at div
    at section
    at div
    at AuthLayout (C:\Users\Paul\OneDrive\Desktop\quick-test\src\hoc\auth-layout\auth-layout.tsx:5:3)
    at LoginPage (C:\Users\Paul\OneDrive\Desktop\quick-test\src\views\login\login-page.tsx:10:55)
    at RenderedRoute (file:///C:/Users/Paul/OneDrive/Desktop/quick-test/node_modules/react-router/dist/development/chunk-4ZMWKKQ3.mjs:6218:26)
    at Routes (file:///C:/Users/Paul/OneDrive/Desktop/quick-test/node_modules/react-router/dist/development/chunk-4ZMWKKQ3.mjs:7097:3)
    at Router (file:///C:/Users/Paul/OneDrive/Desktop/quick-test/node_modules/react-router/dist/development/chunk-4ZMWKKQ3.mjs:7036:13)
    at MemoryRouter (file:///C:/Users/Paul/OneDrive/Desktop/quick-test/node_modules/react-router/dist/development/chunk-4ZMWKKQ3.mjs:6952:3)
    at MantineThemeProvider (file:///C:/Users/Paul/OneDrive/Desktop/quick-test/node_modules/@mantine/core/esm/core/MantineProvider/MantineThemeProvider/MantineThemeProvider.mjs:19:3)
    at MantineProvider (file:///C:/Users/Paul/OneDrive/Desktop/quick-test/node_modules/@mantine/core/esm/core/MantineProvider/MantineProvider.mjs:15:3)
    at QueryClientProvider (file:///C:/Users/Paul/OneDrive/Desktop/quick-test/node_modules/@tanstack/react-query/build/modern/QueryClientProvider.js:20:3)
Warning: An update to LoginForm inside a test was not wrapped in act(...).

When testing, code that causes React state updates should be wrapped into act(...):

act(() =&gt; {
  /* fire events that update state */
});
/* assert on the output */

This ensures that you&apos;re testing the behavior the user would see in the browser. Learn more at https://reactjs.org/link/wrap-tests-with-act
    at LoginForm (C:\Users\Paul\OneDrive\Desktop\quick-test\src\components\auth\login-form\login-form.tsx:13:22)
    at LoginContainer (C:\Users\Paul\OneDrive\Desktop\quick-test\src\containers\login\login.tsx:11:57)
    at div
    at section
    at div
    at AuthLayout (C:\Users\Paul\OneDrive\Desktop\quick-test\src\hoc\auth-layout\auth-layout.tsx:5:3)
    at LoginPage (C:\Users\Paul\OneDrive\Desktop\quick-test\src\views\login\login-page.tsx:10:55)
    at RenderedRoute (file:///C:/Users/Paul/OneDrive/Desktop/quick-test/node_modules/react-router/dist/development/chunk-4ZMWKKQ3.mjs:6218:26)
    at Routes (file:///C:/Users/Paul/OneDrive/Desktop/quick-test/node_modules/react-router/dist/development/chunk-4ZMWKKQ3.mjs:7097:3)
    at Router (file:///C:/Users/Paul/OneDrive/Desktop/quick-test/node_modules/react-router/dist/development/chunk-4ZMWKKQ3.mjs:7036:13)
    at MemoryRouter (file:///C:/Users/Paul/OneDrive/Desktop/quick-test/node_modules/react-router/dist/development/chunk-4ZMWKKQ3.mjs:6952:3)
    at MantineThemeProvider (file:///C:/Users/Paul/OneDrive/Desktop/quick-test/node_modules/@mantine/core/esm/core/MantineProvider/MantineThemeProvider/MantineThemeProvider.mjs:19:3)
    at MantineProvider (file:///C:/Users/Paul/OneDrive/Desktop/quick-test/node_modules/@mantine/core/esm/core/MantineProvider/MantineProvider.mjs:15:3)
    at QueryClientProvider (file:///C:/Users/Paul/OneDrive/Desktop/quick-test/node_modules/@tanstack/react-query/build/modern/QueryClientProvider.js:20:3)

Warning: An update to LoginForm inside a test was not wrapped in act(...).

When testing, code that causes React state updates should be wrapped into act(...):

act(() =&gt; {
  /* fire events that update state */
});
/* assert on the output */

This ensures that you&apos;re testing the behavior the user would see in the browser. Learn more at https://reactjs.org/link/wrap-tests-with-act
    at LoginForm (C:\Users\Paul\OneDrive\Desktop\quick-test\src\components\auth\login-form\login-form.tsx:13:22)
    at LoginContainer (C:\Users\Paul\OneDrive\Desktop\quick-test\src\containers\login\login.tsx:11:57)
    at div
    at section
    at div
    at AuthLayout (C:\Users\Paul\OneDrive\Desktop\quick-test\src\hoc\auth-layout\auth-layout.tsx:5:3)
    at LoginPage (C:\Users\Paul\OneDrive\Desktop\quick-test\src\views\login\login-page.tsx:10:55)
    at RenderedRoute (file:///C:/Users/Paul/OneDrive/Desktop/quick-test/node_modules/react-router/dist/development/chunk-4ZMWKKQ3.mjs:6218:26)
    at Routes (file:///C:/Users/Paul/OneDrive/Desktop/quick-test/node_modules/react-router/dist/development/chunk-4ZMWKKQ3.mjs:7097:3)
    at Router (file:///C:/Users/Paul/OneDrive/Desktop/quick-test/node_modules/react-router/dist/development/chunk-4ZMWKKQ3.mjs:7036:13)
    at MemoryRouter (file:///C:/Users/Paul/OneDrive/Desktop/quick-test/node_modules/react-router/dist/development/chunk-4ZMWKKQ3.mjs:6952:3)
    at MantineThemeProvider (file:///C:/Users/Paul/OneDrive/Desktop/quick-test/node_modules/@mantine/core/esm/core/MantineProvider/MantineThemeProvider/MantineThemeProvider.mjs:19:3)
    at MantineProvider (file:///C:/Users/Paul/OneDrive/Desktop/quick-test/node_modules/@mantine/core/esm/core/MantineProvider/MantineProvider.mjs:15:3)
    at QueryClientProvider (file:///C:/Users/Paul/OneDrive/Desktop/quick-test/node_modules/@tanstack/react-query/build/modern/QueryClientProvider.js:20:3)
Warning: An update to LoginForm inside a test was not wrapped in act(...).

When testing, code that causes React state updates should be wrapped into act(...):

act(() =&gt; {
  /* fire events that update state */
});
/* assert on the output */

This ensures that you&apos;re testing the behavior the user would see in the browser. Learn more at https://reactjs.org/link/wrap-tests-with-act
    at LoginForm (C:\Users\Paul\OneDrive\Desktop\quick-test\src\components\auth\login-form\login-form.tsx:13:22)
    at LoginContainer (C:\Users\Paul\OneDrive\Desktop\quick-test\src\containers\login\login.tsx:11:57)
    at div
    at section
    at div
    at AuthLayout (C:\Users\Paul\OneDrive\Desktop\quick-test\src\hoc\auth-layout\auth-layout.tsx:5:3)
    at LoginPage (C:\Users\Paul\OneDrive\Desktop\quick-test\src\views\login\login-page.tsx:10:55)
    at RenderedRoute (file:///C:/Users/Paul/OneDrive/Desktop/quick-test/node_modules/react-router/dist/development/chunk-4ZMWKKQ3.mjs:6218:26)
    at Routes (file:///C:/Users/Paul/OneDrive/Desktop/quick-test/node_modules/react-router/dist/development/chunk-4ZMWKKQ3.mjs:7097:3)
    at Router (file:///C:/Users/Paul/OneDrive/Desktop/quick-test/node_modules/react-router/dist/development/chunk-4ZMWKKQ3.mjs:7036:13)
    at MemoryRouter (file:///C:/Users/Paul/OneDrive/Desktop/quick-test/node_modules/react-router/dist/development/chunk-4ZMWKKQ3.mjs:6952:3)
    at MantineThemeProvider (file:///C:/Users/Paul/OneDrive/Desktop/quick-test/node_modules/@mantine/core/esm/core/MantineProvider/MantineThemeProvider/MantineThemeProvider.mjs:19:3)
    at MantineProvider (file:///C:/Users/Paul/OneDrive/Desktop/quick-test/node_modules/@mantine/core/esm/core/MantineProvider/MantineProvider.mjs:15:3)
    at QueryClientProvider (file:///C:/Users/Paul/OneDrive/Desktop/quick-test/node_modules/@tanstack/react-query/build/modern/QueryClientProvider.js:20:3)
Warning: An update to LoginForm inside a test was not wrapped in act(...).

When testing, code that causes React state updates should be wrapped into act(...):

act(() =&gt; {
  /* fire events that update state */
});
/* assert on the output */

This ensures that you&apos;re testing the behavior the user would see in the browser. Learn more at https://reactjs.org/link/wrap-tests-with-act
    at LoginForm (C:\Users\Paul\OneDrive\Desktop\quick-test\src\components\auth\login-form\login-form.tsx:13:22)
    at LoginContainer (C:\Users\Paul\OneDrive\Desktop\quick-test\src\containers\login\login.tsx:11:57)
    at div
    at section
    at div
    at AuthLayout (C:\Users\Paul\OneDrive\Desktop\quick-test\src\hoc\auth-layout\auth-layout.tsx:5:3)
    at LoginPage (C:\Users\Paul\OneDrive\Desktop\quick-test\src\views\login\login-page.tsx:10:55)
    at RenderedRoute (file:///C:/Users/Paul/OneDrive/Desktop/quick-test/node_modules/react-router/dist/development/chunk-4ZMWKKQ3.mjs:6218:26)
    at Routes (file:///C:/Users/Paul/OneDrive/Desktop/quick-test/node_modules/react-router/dist/development/chunk-4ZMWKKQ3.mjs:7097:3)
    at Router (file:///C:/Users/Paul/OneDrive/Desktop/quick-test/node_modules/react-router/dist/development/chunk-4ZMWKKQ3.mjs:7036:13)
    at MemoryRouter (file:///C:/Users/Paul/OneDrive/Desktop/quick-test/node_modules/react-router/dist/development/chunk-4ZMWKKQ3.mjs:6952:3)
    at MantineThemeProvider (file:///C:/Users/Paul/OneDrive/Desktop/quick-test/node_modules/@mantine/core/esm/core/MantineProvider/MantineThemeProvider/MantineThemeProvider.mjs:19:3)
    at MantineProvider (file:///C:/Users/Paul/OneDrive/Desktop/quick-test/node_modules/@mantine/core/esm/core/MantineProvider/MantineProvider.mjs:15:3)
    at QueryClientProvider (file:///C:/Users/Paul/OneDrive/Desktop/quick-test/node_modules/@tanstack/react-query/build/modern/QueryClientProvider.js:20:3)

Warning: An update to LoginForm inside a test was not wrapped in act(...).

When testing, code that causes React state updates should be wrapped into act(...):

act(() =&gt; {
  /* fire events that update state */
});
/* assert on the output */

This ensures that you&apos;re testing the behavior the user would see in the browser. Learn more at https://reactjs.org/link/wrap-tests-with-act
    at LoginForm (C:\Users\Paul\OneDrive\Desktop\quick-test\src\components\auth\login-form\login-form.tsx:13:22)
    at LoginContainer (C:\Users\Paul\OneDrive\Desktop\quick-test\src\containers\login\login.tsx:11:57)
    at div
    at section
    at div
    at AuthLayout (C:\Users\Paul\OneDrive\Desktop\quick-test\src\hoc\auth-layout\auth-layout.tsx:5:3)
    at LoginPage (C:\Users\Paul\OneDrive\Desktop\quick-test\src\views\login\login-page.tsx:10:55)
    at RenderedRoute (file:///C:/Users/Paul/OneDrive/Desktop/quick-test/node_modules/react-router/dist/development/chunk-4ZMWKKQ3.mjs:6218:26)
    at Routes (file:///C:/Users/Paul/OneDrive/Desktop/quick-test/node_modules/react-router/dist/development/chunk-4ZMWKKQ3.mjs:7097:3)
    at Router (file:///C:/Users/Paul/OneDrive/Desktop/quick-test/node_modules/react-router/dist/development/chunk-4ZMWKKQ3.mjs:7036:13)
    at MemoryRouter (file:///C:/Users/Paul/OneDrive/Desktop/quick-test/node_modules/react-router/dist/development/chunk-4ZMWKKQ3.mjs:6952:3)
    at MantineThemeProvider (file:///C:/Users/Paul/OneDrive/Desktop/quick-test/node_modules/@mantine/core/esm/core/MantineProvider/MantineThemeProvider/MantineThemeProvider.mjs:19:3)
    at MantineProvider (file:///C:/Users/Paul/OneDrive/Desktop/quick-test/node_modules/@mantine/core/esm/core/MantineProvider/MantineProvider.mjs:15:3)
    at QueryClientProvider (file:///C:/Users/Paul/OneDrive/Desktop/quick-test/node_modules/@tanstack/react-query/build/modern/QueryClientProvider.js:20:3)
Warning: An update to LoginForm inside a test was not wrapped in act(...).

When testing, code that causes React state updates should be wrapped into act(...):

act(() =&gt; {
  /* fire events that update state */
});
/* assert on the output */

This ensures that you&apos;re testing the behavior the user would see in the browser. Learn more at https://reactjs.org/link/wrap-tests-with-act
    at LoginForm (C:\Users\Paul\OneDrive\Desktop\quick-test\src\components\auth\login-form\login-form.tsx:13:22)
    at LoginContainer (C:\Users\Paul\OneDrive\Desktop\quick-test\src\containers\login\login.tsx:11:57)
    at div
    at section
    at div
    at AuthLayout (C:\Users\Paul\OneDrive\Desktop\quick-test\src\hoc\auth-layout\auth-layout.tsx:5:3)
    at LoginPage (C:\Users\Paul\OneDrive\Desktop\quick-test\src\views\login\login-page.tsx:10:55)
    at RenderedRoute (file:///C:/Users/Paul/OneDrive/Desktop/quick-test/node_modules/react-router/dist/development/chunk-4ZMWKKQ3.mjs:6218:26)
    at Routes (file:///C:/Users/Paul/OneDrive/Desktop/quick-test/node_modules/react-router/dist/development/chunk-4ZMWKKQ3.mjs:7097:3)
    at Router (file:///C:/Users/Paul/OneDrive/Desktop/quick-test/node_modules/react-router/dist/development/chunk-4ZMWKKQ3.mjs:7036:13)
    at MemoryRouter (file:///C:/Users/Paul/OneDrive/Desktop/quick-test/node_modules/react-router/dist/development/chunk-4ZMWKKQ3.mjs:6952:3)
    at MantineThemeProvider (file:///C:/Users/Paul/OneDrive/Desktop/quick-test/node_modules/@mantine/core/esm/core/MantineProvider/MantineThemeProvider/MantineThemeProvider.mjs:19:3)
    at MantineProvider (file:///C:/Users/Paul/OneDrive/Desktop/quick-test/node_modules/@mantine/core/esm/core/MantineProvider/MantineProvider.mjs:15:3)
    at QueryClientProvider (file:///C:/Users/Paul/OneDrive/Desktop/quick-test/node_modules/@tanstack/react-query/build/modern/QueryClientProvider.js:20:3)
Warning: An update to LoginForm inside a test was not wrapped in act(...).

When testing, code that causes React state updates should be wrapped into act(...):

act(() =&gt; {
  /* fire events that update state */
});
/* assert on the output */

This ensures that you&apos;re testing the behavior the user would see in the browser. Learn more at https://reactjs.org/link/wrap-tests-with-act
    at LoginForm (C:\Users\Paul\OneDrive\Desktop\quick-test\src\components\auth\login-form\login-form.tsx:13:22)
    at LoginContainer (C:\Users\Paul\OneDrive\Desktop\quick-test\src\containers\login\login.tsx:11:57)
    at div
    at section
    at div
    at AuthLayout (C:\Users\Paul\OneDrive\Desktop\quick-test\src\hoc\auth-layout\auth-layout.tsx:5:3)
    at LoginPage (C:\Users\Paul\OneDrive\Desktop\quick-test\src\views\login\login-page.tsx:10:55)
    at RenderedRoute (file:///C:/Users/Paul/OneDrive/Desktop/quick-test/node_modules/react-router/dist/development/chunk-4ZMWKKQ3.mjs:6218:26)
    at Routes (file:///C:/Users/Paul/OneDrive/Desktop/quick-test/node_modules/react-router/dist/development/chunk-4ZMWKKQ3.mjs:7097:3)
    at Router (file:///C:/Users/Paul/OneDrive/Desktop/quick-test/node_modules/react-router/dist/development/chunk-4ZMWKKQ3.mjs:7036:13)
    at MemoryRouter (file:///C:/Users/Paul/OneDrive/Desktop/quick-test/node_modules/react-router/dist/development/chunk-4ZMWKKQ3.mjs:6952:3)
    at MantineThemeProvider (file:///C:/Users/Paul/OneDrive/Desktop/quick-test/node_modules/@mantine/core/esm/core/MantineProvider/MantineThemeProvider/MantineThemeProvider.mjs:19:3)
    at MantineProvider (file:///C:/Users/Paul/OneDrive/Desktop/quick-test/node_modules/@mantine/core/esm/core/MantineProvider/MantineProvider.mjs:15:3)
    at QueryClientProvider (file:///C:/Users/Paul/OneDrive/Desktop/quick-test/node_modules/@tanstack/react-query/build/modern/QueryClientProvider.js:20:3)

Warning: An update to LoginForm inside a test was not wrapped in act(...).

When testing, code that causes React state updates should be wrapped into act(...):

act(() =&gt; {
  /* fire events that update state */
});
/* assert on the output */

This ensures that you&apos;re testing the behavior the user would see in the browser. Learn more at https://reactjs.org/link/wrap-tests-with-act
    at LoginForm (C:\Users\Paul\OneDrive\Desktop\quick-test\src\components\auth\login-form\login-form.tsx:13:22)
    at LoginContainer (C:\Users\Paul\OneDrive\Desktop\quick-test\src\containers\login\login.tsx:11:57)
    at div
    at section
    at div
    at AuthLayout (C:\Users\Paul\OneDrive\Desktop\quick-test\src\hoc\auth-layout\auth-layout.tsx:5:3)
    at LoginPage (C:\Users\Paul\OneDrive\Desktop\quick-test\src\views\login\login-page.tsx:10:55)
    at RenderedRoute (file:///C:/Users/Paul/OneDrive/Desktop/quick-test/node_modules/react-router/dist/development/chunk-4ZMWKKQ3.mjs:6218:26)
    at Routes (file:///C:/Users/Paul/OneDrive/Desktop/quick-test/node_modules/react-router/dist/development/chunk-4ZMWKKQ3.mjs:7097:3)
    at Router (file:///C:/Users/Paul/OneDrive/Desktop/quick-test/node_modules/react-router/dist/development/chunk-4ZMWKKQ3.mjs:7036:13)
    at MemoryRouter (file:///C:/Users/Paul/OneDrive/Desktop/quick-test/node_modules/react-router/dist/development/chunk-4ZMWKKQ3.mjs:6952:3)
    at MantineThemeProvider (file:///C:/Users/Paul/OneDrive/Desktop/quick-test/node_modules/@mantine/core/esm/core/MantineProvider/MantineThemeProvider/MantineThemeProvider.mjs:19:3)
    at MantineProvider (file:///C:/Users/Paul/OneDrive/Desktop/quick-test/node_modules/@mantine/core/esm/core/MantineProvider/MantineProvider.mjs:15:3)
    at QueryClientProvider (file:///C:/Users/Paul/OneDrive/Desktop/quick-test/node_modules/@tanstack/react-query/build/modern/QueryClientProvider.js:20:3)
Warning: An update to LoginForm inside a test was not wrapped in act(...).

When testing, code that causes React state updates should be wrapped into act(...):

act(() =&gt; {
  /* fire events that update state */
});
/* assert on the output */

This ensures that you&apos;re testing the behavior the user would see in the browser. Learn more at https://reactjs.org/link/wrap-tests-with-act
    at LoginForm (C:\Users\Paul\OneDrive\Desktop\quick-test\src\components\auth\login-form\login-form.tsx:13:22)
    at LoginContainer (C:\Users\Paul\OneDrive\Desktop\quick-test\src\containers\login\login.tsx:11:57)
    at div
    at section
    at div
    at AuthLayout (C:\Users\Paul\OneDrive\Desktop\quick-test\src\hoc\auth-layout\auth-layout.tsx:5:3)
    at LoginPage (C:\Users\Paul\OneDrive\Desktop\quick-test\src\views\login\login-page.tsx:10:55)
    at RenderedRoute (file:///C:/Users/Paul/OneDrive/Desktop/quick-test/node_modules/react-router/dist/development/chunk-4ZMWKKQ3.mjs:6218:26)
    at Routes (file:///C:/Users/Paul/OneDrive/Desktop/quick-test/node_modules/react-router/dist/development/chunk-4ZMWKKQ3.mjs:7097:3)
    at Router (file:///C:/Users/Paul/OneDrive/Desktop/quick-test/node_modules/react-router/dist/development/chunk-4ZMWKKQ3.mjs:7036:13)
    at MemoryRouter (file:///C:/Users/Paul/OneDrive/Desktop/quick-test/node_modules/react-router/dist/development/chunk-4ZMWKKQ3.mjs:6952:3)
    at MantineThemeProvider (file:///C:/Users/Paul/OneDrive/Desktop/quick-test/node_modules/@mantine/core/esm/core/MantineProvider/MantineThemeProvider/MantineThemeProvider.mjs:19:3)
    at MantineProvider (file:///C:/Users/Paul/OneDrive/Desktop/quick-test/node_modules/@mantine/core/esm/core/MantineProvider/MantineProvider.mjs:15:3)
    at QueryClientProvider (file:///C:/Users/Paul/OneDrive/Desktop/quick-test/node_modules/@tanstack/react-query/build/modern/QueryClientProvider.js:20:3)
Warning: An update to LoginForm inside a test was not wrapped in act(...).

When testing, code that causes React state updates should be wrapped into act(...):

act(() =&gt; {
  /* fire events that update state */
});
/* assert on the output */

This ensures that you&apos;re testing the behavior the user would see in the browser. Learn more at https://reactjs.org/link/wrap-tests-with-act
    at LoginForm (C:\Users\Paul\OneDrive\Desktop\quick-test\src\components\auth\login-form\login-form.tsx:13:22)
    at LoginContainer (C:\Users\Paul\OneDrive\Desktop\quick-test\src\containers\login\login.tsx:11:57)
    at div
    at section
    at div
    at AuthLayout (C:\Users\Paul\OneDrive\Desktop\quick-test\src\hoc\auth-layout\auth-layout.tsx:5:3)
    at LoginPage (C:\Users\Paul\OneDrive\Desktop\quick-test\src\views\login\login-page.tsx:10:55)
    at RenderedRoute (file:///C:/Users/Paul/OneDrive/Desktop/quick-test/node_modules/react-router/dist/development/chunk-4ZMWKKQ3.mjs:6218:26)
    at Routes (file:///C:/Users/Paul/OneDrive/Desktop/quick-test/node_modules/react-router/dist/development/chunk-4ZMWKKQ3.mjs:7097:3)
    at Router (file:///C:/Users/Paul/OneDrive/Desktop/quick-test/node_modules/react-router/dist/development/chunk-4ZMWKKQ3.mjs:7036:13)
    at MemoryRouter (file:///C:/Users/Paul/OneDrive/Desktop/quick-test/node_modules/react-router/dist/development/chunk-4ZMWKKQ3.mjs:6952:3)
    at MantineThemeProvider (file:///C:/Users/Paul/OneDrive/Desktop/quick-test/node_modules/@mantine/core/esm/core/MantineProvider/MantineThemeProvider/MantineThemeProvider.mjs:19:3)
    at MantineProvider (file:///C:/Users/Paul/OneDrive/Desktop/quick-test/node_modules/@mantine/core/esm/core/MantineProvider/MantineProvider.mjs:15:3)
    at QueryClientProvider (file:///C:/Users/Paul/OneDrive/Desktop/quick-test/node_modules/@tanstack/react-query/build/modern/QueryClientProvider.js:20:3)

Warning: An update to LoginForm inside a test was not wrapped in act(...).

When testing, code that causes React state updates should be wrapped into act(...):

act(() =&gt; {
  /* fire events that update state */
});
/* assert on the output */

This ensures that you&apos;re testing the behavior the user would see in the browser. Learn more at https://reactjs.org/link/wrap-tests-with-act
    at LoginForm (C:\Users\Paul\OneDrive\Desktop\quick-test\src\components\auth\login-form\login-form.tsx:13:22)
    at LoginContainer (C:\Users\Paul\OneDrive\Desktop\quick-test\src\containers\login\login.tsx:11:57)
    at div
    at section
    at div
    at AuthLayout (C:\Users\Paul\OneDrive\Desktop\quick-test\src\hoc\auth-layout\auth-layout.tsx:5:3)
    at LoginPage (C:\Users\Paul\OneDrive\Desktop\quick-test\src\views\login\login-page.tsx:10:55)
    at RenderedRoute (file:///C:/Users/Paul/OneDrive/Desktop/quick-test/node_modules/react-router/dist/development/chunk-4ZMWKKQ3.mjs:6218:26)
    at Routes (file:///C:/Users/Paul/OneDrive/Desktop/quick-test/node_modules/react-router/dist/development/chunk-4ZMWKKQ3.mjs:7097:3)
    at Router (file:///C:/Users/Paul/OneDrive/Desktop/quick-test/node_modules/react-router/dist/development/chunk-4ZMWKKQ3.mjs:7036:13)
    at MemoryRouter (file:///C:/Users/Paul/OneDrive/Desktop/quick-test/node_modules/react-router/dist/development/chunk-4ZMWKKQ3.mjs:6952:3)
    at MantineThemeProvider (file:///C:/Users/Paul/OneDrive/Desktop/quick-test/node_modules/@mantine/core/esm/core/MantineProvider/MantineThemeProvider/MantineThemeProvider.mjs:19:3)
    at MantineProvider (file:///C:/Users/Paul/OneDrive/Desktop/quick-test/node_modules/@mantine/core/esm/core/MantineProvider/MantineProvider.mjs:15:3)
    at QueryClientProvider (file:///C:/Users/Paul/OneDrive/Desktop/quick-test/node_modules/@tanstack/react-query/build/modern/QueryClientProvider.js:20:3)
Warning: An update to LoginForm inside a test was not wrapped in act(...).

When testing, code that causes React state updates should be wrapped into act(...):

act(() =&gt; {
  /* fire events that update state */
});
/* assert on the output */

This ensures that you&apos;re testing the behavior the user would see in the browser. Learn more at https://reactjs.org/link/wrap-tests-with-act
    at LoginForm (C:\Users\Paul\OneDrive\Desktop\quick-test\src\components\auth\login-form\login-form.tsx:13:22)
    at LoginContainer (C:\Users\Paul\OneDrive\Desktop\quick-test\src\containers\login\login.tsx:11:57)
    at div
    at section
    at div
    at AuthLayout (C:\Users\Paul\OneDrive\Desktop\quick-test\src\hoc\auth-layout\auth-layout.tsx:5:3)
    at LoginPage (C:\Users\Paul\OneDrive\Desktop\quick-test\src\views\login\login-page.tsx:10:55)
    at RenderedRoute (file:///C:/Users/Paul/OneDrive/Desktop/quick-test/node_modules/react-router/dist/development/chunk-4ZMWKKQ3.mjs:6218:26)
    at Routes (file:///C:/Users/Paul/OneDrive/Desktop/quick-test/node_modules/react-router/dist/development/chunk-4ZMWKKQ3.mjs:7097:3)
    at Router (file:///C:/Users/Paul/OneDrive/Desktop/quick-test/node_modules/react-router/dist/development/chunk-4ZMWKKQ3.mjs:7036:13)
    at MemoryRouter (file:///C:/Users/Paul/OneDrive/Desktop/quick-test/node_modules/react-router/dist/development/chunk-4ZMWKKQ3.mjs:6952:3)
    at MantineThemeProvider (file:///C:/Users/Paul/OneDrive/Desktop/quick-test/node_modules/@mantine/core/esm/core/MantineProvider/MantineThemeProvider/MantineThemeProvider.mjs:19:3)
    at MantineProvider (file:///C:/Users/Paul/OneDrive/Desktop/quick-test/node_modules/@mantine/core/esm/core/MantineProvider/MantineProvider.mjs:15:3)
    at QueryClientProvider (file:///C:/Users/Paul/OneDrive/Desktop/quick-test/node_modules/@tanstack/react-query/build/modern/QueryClientProvider.js:20:3)
Warning: An update to LoginForm inside a test was not wrapped in act(...).

When testing, code that causes React state updates should be wrapped into act(...):

act(() =&gt; {
  /* fire events that update state */
});
/* assert on the output */

This ensures that you&apos;re testing the behavior the user would see in the browser. Learn more at https://reactjs.org/link/wrap-tests-with-act
    at LoginForm (C:\Users\Paul\OneDrive\Desktop\quick-test\src\components\auth\login-form\login-form.tsx:13:22)
    at LoginContainer (C:\Users\Paul\OneDrive\Desktop\quick-test\src\containers\login\login.tsx:11:57)
    at div
    at section
    at div
    at AuthLayout (C:\Users\Paul\OneDrive\Desktop\quick-test\src\hoc\auth-layout\auth-layout.tsx:5:3)
    at LoginPage (C:\Users\Paul\OneDrive\Desktop\quick-test\src\views\login\login-page.tsx:10:55)
    at RenderedRoute (file:///C:/Users/Paul/OneDrive/Desktop/quick-test/node_modules/react-router/dist/development/chunk-4ZMWKKQ3.mjs:6218:26)
    at Routes (file:///C:/Users/Paul/OneDrive/Desktop/quick-test/node_modules/react-router/dist/development/chunk-4ZMWKKQ3.mjs:7097:3)
    at Router (file:///C:/Users/Paul/OneDrive/Desktop/quick-test/node_modules/react-router/dist/development/chunk-4ZMWKKQ3.mjs:7036:13)
    at MemoryRouter (file:///C:/Users/Paul/OneDrive/Desktop/quick-test/node_modules/react-router/dist/development/chunk-4ZMWKKQ3.mjs:6952:3)
    at MantineThemeProvider (file:///C:/Users/Paul/OneDrive/Desktop/quick-test/node_modules/@mantine/core/esm/core/MantineProvider/MantineThemeProvider/MantineThemeProvider.mjs:19:3)
    at MantineProvider (file:///C:/Users/Paul/OneDrive/Desktop/quick-test/node_modules/@mantine/core/esm/core/MantineProvider/MantineProvider.mjs:15:3)
    at QueryClientProvider (file:///C:/Users/Paul/OneDrive/Desktop/quick-test/node_modules/@tanstack/react-query/build/modern/QueryClientProvider.js:20:3)

Warning: An update to LoginForm inside a test was not wrapped in act(...).

When testing, code that causes React state updates should be wrapped into act(...):

act(() =&gt; {
  /* fire events that update state */
});
/* assert on the output */

This ensures that you&apos;re testing the behavior the user would see in the browser. Learn more at https://reactjs.org/link/wrap-tests-with-act
    at LoginForm (C:\Users\Paul\OneDrive\Desktop\quick-test\src\components\auth\login-form\login-form.tsx:13:22)
    at LoginContainer (C:\Users\Paul\OneDrive\Desktop\quick-test\src\containers\login\login.tsx:11:57)
    at div
    at section
    at div
    at AuthLayout (C:\Users\Paul\OneDrive\Desktop\quick-test\src\hoc\auth-layout\auth-layout.tsx:5:3)
    at LoginPage (C:\Users\Paul\OneDrive\Desktop\quick-test\src\views\login\login-page.tsx:10:55)
    at RenderedRoute (file:///C:/Users/Paul/OneDrive/Desktop/quick-test/node_modules/react-router/dist/development/chunk-4ZMWKKQ3.mjs:6218:26)
    at Routes (file:///C:/Users/Paul/OneDrive/Desktop/quick-test/node_modules/react-router/dist/development/chunk-4ZMWKKQ3.mjs:7097:3)
    at Router (file:///C:/Users/Paul/OneDrive/Desktop/quick-test/node_modules/react-router/dist/development/chunk-4ZMWKKQ3.mjs:7036:13)
    at MemoryRouter (file:///C:/Users/Paul/OneDrive/Desktop/quick-test/node_modules/react-router/dist/development/chunk-4ZMWKKQ3.mjs:6952:3)
    at MantineThemeProvider (file:///C:/Users/Paul/OneDrive/Desktop/quick-test/node_modules/@mantine/core/esm/core/MantineProvider/MantineThemeProvider/MantineThemeProvider.mjs:19:3)
    at MantineProvider (file:///C:/Users/Paul/OneDrive/Desktop/quick-test/node_modules/@mantine/core/esm/core/MantineProvider/MantineProvider.mjs:15:3)
    at QueryClientProvider (file:///C:/Users/Paul/OneDrive/Desktop/quick-test/node_modules/@tanstack/react-query/build/modern/QueryClientProvider.js:20:3)
Warning: An update to LoginForm inside a test was not wrapped in act(...).

When testing, code that causes React state updates should be wrapped into act(...):

act(() =&gt; {
  /* fire events that update state */
});
/* assert on the output */

This ensures that you&apos;re testing the behavior the user would see in the browser. Learn more at https://reactjs.org/link/wrap-tests-with-act
    at LoginForm (C:\Users\Paul\OneDrive\Desktop\quick-test\src\components\auth\login-form\login-form.tsx:13:22)
    at LoginContainer (C:\Users\Paul\OneDrive\Desktop\quick-test\src\containers\login\login.tsx:11:57)
    at div
    at section
    at div
    at AuthLayout (C:\Users\Paul\OneDrive\Desktop\quick-test\src\hoc\auth-layout\auth-layout.tsx:5:3)
    at LoginPage (C:\Users\Paul\OneDrive\Desktop\quick-test\src\views\login\login-page.tsx:10:55)
    at RenderedRoute (file:///C:/Users/Paul/OneDrive/Desktop/quick-test/node_modules/react-router/dist/development/chunk-4ZMWKKQ3.mjs:6218:26)
    at Routes (file:///C:/Users/Paul/OneDrive/Desktop/quick-test/node_modules/react-router/dist/development/chunk-4ZMWKKQ3.mjs:7097:3)
    at Router (file:///C:/Users/Paul/OneDrive/Desktop/quick-test/node_modules/react-router/dist/development/chunk-4ZMWKKQ3.mjs:7036:13)
    at MemoryRouter (file:///C:/Users/Paul/OneDrive/Desktop/quick-test/node_modules/react-router/dist/development/chunk-4ZMWKKQ3.mjs:6952:3)
    at MantineThemeProvider (file:///C:/Users/Paul/OneDrive/Desktop/quick-test/node_modules/@mantine/core/esm/core/MantineProvider/MantineThemeProvider/MantineThemeProvider.mjs:19:3)
    at MantineProvider (file:///C:/Users/Paul/OneDrive/Desktop/quick-test/node_modules/@mantine/core/esm/core/MantineProvider/MantineProvider.mjs:15:3)
    at QueryClientProvider (file:///C:/Users/Paul/OneDrive/Desktop/quick-test/node_modules/@tanstack/react-query/build/modern/QueryClientProvider.js:20:3)
Warning: An update to LoginForm inside a test was not wrapped in act(...).

When testing, code that causes React state updates should be wrapped into act(...):

act(() =&gt; {
  /* fire events that update state */
});
/* assert on the output */

This ensures that you&apos;re testing the behavior the user would see in the browser. Learn more at https://reactjs.org/link/wrap-tests-with-act
    at LoginForm (C:\Users\Paul\OneDrive\Desktop\quick-test\src\components\auth\login-form\login-form.tsx:13:22)
    at LoginContainer (C:\Users\Paul\OneDrive\Desktop\quick-test\src\containers\login\login.tsx:11:57)
    at div
    at section
    at div
    at AuthLayout (C:\Users\Paul\OneDrive\Desktop\quick-test\src\hoc\auth-layout\auth-layout.tsx:5:3)
    at LoginPage (C:\Users\Paul\OneDrive\Desktop\quick-test\src\views\login\login-page.tsx:10:55)
    at RenderedRoute (file:///C:/Users/Paul/OneDrive/Desktop/quick-test/node_modules/react-router/dist/development/chunk-4ZMWKKQ3.mjs:6218:26)
    at Routes (file:///C:/Users/Paul/OneDrive/Desktop/quick-test/node_modules/react-router/dist/development/chunk-4ZMWKKQ3.mjs:7097:3)
    at Router (file:///C:/Users/Paul/OneDrive/Desktop/quick-test/node_modules/react-router/dist/development/chunk-4ZMWKKQ3.mjs:7036:13)
    at MemoryRouter (file:///C:/Users/Paul/OneDrive/Desktop/quick-test/node_modules/react-router/dist/development/chunk-4ZMWKKQ3.mjs:6952:3)
    at MantineThemeProvider (file:///C:/Users/Paul/OneDrive/Desktop/quick-test/node_modules/@mantine/core/esm/core/MantineProvider/MantineThemeProvider/MantineThemeProvider.mjs:19:3)
    at MantineProvider (file:///C:/Users/Paul/OneDrive/Desktop/quick-test/node_modules/@mantine/core/esm/core/MantineProvider/MantineProvider.mjs:15:3)
    at QueryClientProvider (file:///C:/Users/Paul/OneDrive/Desktop/quick-test/node_modules/@tanstack/react-query/build/modern/QueryClientProvider.js:20:3)

Warning: An update to LoginForm inside a test was not wrapped in act(...).

When testing, code that causes React state updates should be wrapped into act(...):

act(() =&gt; {
  /* fire events that update state */
});
/* assert on the output */

This ensures that you&apos;re testing the behavior the user would see in the browser. Learn more at https://reactjs.org/link/wrap-tests-with-act
    at LoginForm (C:\Users\Paul\OneDrive\Desktop\quick-test\src\components\auth\login-form\login-form.tsx:13:22)
    at LoginContainer (C:\Users\Paul\OneDrive\Desktop\quick-test\src\containers\login\login.tsx:11:57)
    at div
    at section
    at div
    at AuthLayout (C:\Users\Paul\OneDrive\Desktop\quick-test\src\hoc\auth-layout\auth-layout.tsx:5:3)
    at LoginPage (C:\Users\Paul\OneDrive\Desktop\quick-test\src\views\login\login-page.tsx:10:55)
    at RenderedRoute (file:///C:/Users/Paul/OneDrive/Desktop/quick-test/node_modules/react-router/dist/development/chunk-4ZMWKKQ3.mjs:6218:26)
    at Routes (file:///C:/Users/Paul/OneDrive/Desktop/quick-test/node_modules/react-router/dist/development/chunk-4ZMWKKQ3.mjs:7097:3)
    at Router (file:///C:/Users/Paul/OneDrive/Desktop/quick-test/node_modules/react-router/dist/development/chunk-4ZMWKKQ3.mjs:7036:13)
    at MemoryRouter (file:///C:/Users/Paul/OneDrive/Desktop/quick-test/node_modules/react-router/dist/development/chunk-4ZMWKKQ3.mjs:6952:3)
    at MantineThemeProvider (file:///C:/Users/Paul/OneDrive/Desktop/quick-test/node_modules/@mantine/core/esm/core/MantineProvider/MantineThemeProvider/MantineThemeProvider.mjs:19:3)
    at MantineProvider (file:///C:/Users/Paul/OneDrive/Desktop/quick-test/node_modules/@mantine/core/esm/core/MantineProvider/MantineProvider.mjs:15:3)
    at QueryClientProvider (file:///C:/Users/Paul/OneDrive/Desktop/quick-test/node_modules/@tanstack/react-query/build/modern/QueryClientProvider.js:20:3)
Warning: An update to LoginForm inside a test was not wrapped in act(...).

When testing, code that causes React state updates should be wrapped into act(...):

act(() =&gt; {
  /* fire events that update state */
});
/* assert on the output */

This ensures that you&apos;re testing the behavior the user would see in the browser. Learn more at https://reactjs.org/link/wrap-tests-with-act
    at LoginForm (C:\Users\Paul\OneDrive\Desktop\quick-test\src\components\auth\login-form\login-form.tsx:13:22)
    at LoginContainer (C:\Users\Paul\OneDrive\Desktop\quick-test\src\containers\login\login.tsx:11:57)
    at div
    at section
    at div
    at AuthLayout (C:\Users\Paul\OneDrive\Desktop\quick-test\src\hoc\auth-layout\auth-layout.tsx:5:3)
    at LoginPage (C:\Users\Paul\OneDrive\Desktop\quick-test\src\views\login\login-page.tsx:10:55)
    at RenderedRoute (file:///C:/Users/Paul/OneDrive/Desktop/quick-test/node_modules/react-router/dist/development/chunk-4ZMWKKQ3.mjs:6218:26)
    at Routes (file:///C:/Users/Paul/OneDrive/Desktop/quick-test/node_modules/react-router/dist/development/chunk-4ZMWKKQ3.mjs:7097:3)
    at Router (file:///C:/Users/Paul/OneDrive/Desktop/quick-test/node_modules/react-router/dist/development/chunk-4ZMWKKQ3.mjs:7036:13)
    at MemoryRouter (file:///C:/Users/Paul/OneDrive/Desktop/quick-test/node_modules/react-router/dist/development/chunk-4ZMWKKQ3.mjs:6952:3)
    at MantineThemeProvider (file:///C:/Users/Paul/OneDrive/Desktop/quick-test/node_modules/@mantine/core/esm/core/MantineProvider/MantineThemeProvider/MantineThemeProvider.mjs:19:3)
    at MantineProvider (file:///C:/Users/Paul/OneDrive/Desktop/quick-test/node_modules/@mantine/core/esm/core/MantineProvider/MantineProvider.mjs:15:3)
    at QueryClientProvider (file:///C:/Users/Paul/OneDrive/Desktop/quick-test/node_modules/@tanstack/react-query/build/modern/QueryClientProvider.js:20:3)
Warning: An update to LoginForm inside a test was not wrapped in act(...).

When testing, code that causes React state updates should be wrapped into act(...):

act(() =&gt; {
  /* fire events that update state */
});
/* assert on the output */

This ensures that you&apos;re testing the behavior the user would see in the browser. Learn more at https://reactjs.org/link/wrap-tests-with-act
    at LoginForm (C:\Users\Paul\OneDrive\Desktop\quick-test\src\components\auth\login-form\login-form.tsx:13:22)
    at LoginContainer (C:\Users\Paul\OneDrive\Desktop\quick-test\src\containers\login\login.tsx:11:57)
    at div
    at section
    at div
    at AuthLayout (C:\Users\Paul\OneDrive\Desktop\quick-test\src\hoc\auth-layout\auth-layout.tsx:5:3)
    at LoginPage (C:\Users\Paul\OneDrive\Desktop\quick-test\src\views\login\login-page.tsx:10:55)
    at RenderedRoute (file:///C:/Users/Paul/OneDrive/Desktop/quick-test/node_modules/react-router/dist/development/chunk-4ZMWKKQ3.mjs:6218:26)
    at Routes (file:///C:/Users/Paul/OneDrive/Desktop/quick-test/node_modules/react-router/dist/development/chunk-4ZMWKKQ3.mjs:7097:3)
    at Router (file:///C:/Users/Paul/OneDrive/Desktop/quick-test/node_modules/react-router/dist/development/chunk-4ZMWKKQ3.mjs:7036:13)
    at MemoryRouter (file:///C:/Users/Paul/OneDrive/Desktop/quick-test/node_modules/react-router/dist/development/chunk-4ZMWKKQ3.mjs:6952:3)
    at MantineThemeProvider (file:///C:/Users/Paul/OneDrive/Desktop/quick-test/node_modules/@mantine/core/esm/core/MantineProvider/MantineThemeProvider/MantineThemeProvider.mjs:19:3)
    at MantineProvider (file:///C:/Users/Paul/OneDrive/Desktop/quick-test/node_modules/@mantine/core/esm/core/MantineProvider/MantineProvider.mjs:15:3)
    at QueryClientProvider (file:///C:/Users/Paul/OneDrive/Desktop/quick-test/node_modules/@tanstack/react-query/build/modern/QueryClientProvider.js:20:3)

Warning: An update to LoginForm inside a test was not wrapped in act(...).

When testing, code that causes React state updates should be wrapped into act(...):

act(() =&gt; {
  /* fire events that update state */
});
/* assert on the output */

This ensures that you&apos;re testing the behavior the user would see in the browser. Learn more at https://reactjs.org/link/wrap-tests-with-act
    at LoginForm (C:\Users\Paul\OneDrive\Desktop\quick-test\src\components\auth\login-form\login-form.tsx:13:22)
    at LoginContainer (C:\Users\Paul\OneDrive\Desktop\quick-test\src\containers\login\login.tsx:11:57)
    at div
    at section
    at div
    at AuthLayout (C:\Users\Paul\OneDrive\Desktop\quick-test\src\hoc\auth-layout\auth-layout.tsx:5:3)
    at LoginPage (C:\Users\Paul\OneDrive\Desktop\quick-test\src\views\login\login-page.tsx:10:55)
    at RenderedRoute (file:///C:/Users/Paul/OneDrive/Desktop/quick-test/node_modules/react-router/dist/development/chunk-4ZMWKKQ3.mjs:6218:26)
    at Routes (file:///C:/Users/Paul/OneDrive/Desktop/quick-test/node_modules/react-router/dist/development/chunk-4ZMWKKQ3.mjs:7097:3)
    at Router (file:///C:/Users/Paul/OneDrive/Desktop/quick-test/node_modules/react-router/dist/development/chunk-4ZMWKKQ3.mjs:7036:13)
    at MemoryRouter (file:///C:/Users/Paul/OneDrive/Desktop/quick-test/node_modules/react-router/dist/development/chunk-4ZMWKKQ3.mjs:6952:3)
    at MantineThemeProvider (file:///C:/Users/Paul/OneDrive/Desktop/quick-test/node_modules/@mantine/core/esm/core/MantineProvider/MantineThemeProvider/MantineThemeProvider.mjs:19:3)
    at MantineProvider (file:///C:/Users/Paul/OneDrive/Desktop/quick-test/node_modules/@mantine/core/esm/core/MantineProvider/MantineProvider.mjs:15:3)
    at QueryClientProvider (file:///C:/Users/Paul/OneDrive/Desktop/quick-test/node_modules/@tanstack/react-query/build/modern/QueryClientProvider.js:20:3)
Warning: An update to LoginForm inside a test was not wrapped in act(...).

When testing, code that causes React state updates should be wrapped into act(...):

act(() =&gt; {
  /* fire events that update state */
});
/* assert on the output */

This ensures that you&apos;re testing the behavior the user would see in the browser. Learn more at https://reactjs.org/link/wrap-tests-with-act
    at LoginForm (C:\Users\Paul\OneDrive\Desktop\quick-test\src\components\auth\login-form\login-form.tsx:13:22)
    at LoginContainer (C:\Users\Paul\OneDrive\Desktop\quick-test\src\containers\login\login.tsx:11:57)
    at div
    at section
    at div
    at AuthLayout (C:\Users\Paul\OneDrive\Desktop\quick-test\src\hoc\auth-layout\auth-layout.tsx:5:3)
    at LoginPage (C:\Users\Paul\OneDrive\Desktop\quick-test\src\views\login\login-page.tsx:10:55)
    at RenderedRoute (file:///C:/Users/Paul/OneDrive/Desktop/quick-test/node_modules/react-router/dist/development/chunk-4ZMWKKQ3.mjs:6218:26)
    at Routes (file:///C:/Users/Paul/OneDrive/Desktop/quick-test/node_modules/react-router/dist/development/chunk-4ZMWKKQ3.mjs:7097:3)
    at Router (file:///C:/Users/Paul/OneDrive/Desktop/quick-test/node_modules/react-router/dist/development/chunk-4ZMWKKQ3.mjs:7036:13)
    at MemoryRouter (file:///C:/Users/Paul/OneDrive/Desktop/quick-test/node_modules/react-router/dist/development/chunk-4ZMWKKQ3.mjs:6952:3)
    at MantineThemeProvider (file:///C:/Users/Paul/OneDrive/Desktop/quick-test/node_modules/@mantine/core/esm/core/MantineProvider/MantineThemeProvider/MantineThemeProvider.mjs:19:3)
    at MantineProvider (file:///C:/Users/Paul/OneDrive/Desktop/quick-test/node_modules/@mantine/core/esm/core/MantineProvider/MantineProvider.mjs:15:3)
    at QueryClientProvider (file:///C:/Users/Paul/OneDrive/Desktop/quick-test/node_modules/@tanstack/react-query/build/modern/QueryClientProvider.js:20:3)
Warning: An update to LoginForm inside a test was not wrapped in act(...).

When testing, code that causes React state updates should be wrapped into act(...):

act(() =&gt; {
  /* fire events that update state */
});
/* assert on the output */

This ensures that you&apos;re testing the behavior the user would see in the browser. Learn more at https://reactjs.org/link/wrap-tests-with-act
    at LoginForm (C:\Users\Paul\OneDrive\Desktop\quick-test\src\components\auth\login-form\login-form.tsx:13:22)
    at LoginContainer (C:\Users\Paul\OneDrive\Desktop\quick-test\src\containers\login\login.tsx:11:57)
    at div
    at section
    at div
    at AuthLayout (C:\Users\Paul\OneDrive\Desktop\quick-test\src\hoc\auth-layout\auth-layout.tsx:5:3)
    at LoginPage (C:\Users\Paul\OneDrive\Desktop\quick-test\src\views\login\login-page.tsx:10:55)
    at RenderedRoute (file:///C:/Users/Paul/OneDrive/Desktop/quick-test/node_modules/react-router/dist/development/chunk-4ZMWKKQ3.mjs:6218:26)
    at Routes (file:///C:/Users/Paul/OneDrive/Desktop/quick-test/node_modules/react-router/dist/development/chunk-4ZMWKKQ3.mjs:7097:3)
    at Router (file:///C:/Users/Paul/OneDrive/Desktop/quick-test/node_modules/react-router/dist/development/chunk-4ZMWKKQ3.mjs:7036:13)
    at MemoryRouter (file:///C:/Users/Paul/OneDrive/Desktop/quick-test/node_modules/react-router/dist/development/chunk-4ZMWKKQ3.mjs:6952:3)
    at MantineThemeProvider (file:///C:/Users/Paul/OneDrive/Desktop/quick-test/node_modules/@mantine/core/esm/core/MantineProvider/MantineThemeProvider/MantineThemeProvider.mjs:19:3)
    at MantineProvider (file:///C:/Users/Paul/OneDrive/Desktop/quick-test/node_modules/@mantine/core/esm/core/MantineProvider/MantineProvider.mjs:15:3)
    at QueryClientProvider (file:///C:/Users/Paul/OneDrive/Desktop/quick-test/node_modules/@tanstack/react-query/build/modern/QueryClientProvider.js:20:3)

Warning: An update to LoginForm inside a test was not wrapped in act(...).

When testing, code that causes React state updates should be wrapped into act(...):

act(() =&gt; {
  /* fire events that update state */
});
/* assert on the output */

This ensures that you&apos;re testing the behavior the user would see in the browser. Learn more at https://reactjs.org/link/wrap-tests-with-act
    at LoginForm (C:\Users\Paul\OneDrive\Desktop\quick-test\src\components\auth\login-form\login-form.tsx:13:22)
    at LoginContainer (C:\Users\Paul\OneDrive\Desktop\quick-test\src\containers\login\login.tsx:11:57)
    at div
    at section
    at div
    at AuthLayout (C:\Users\Paul\OneDrive\Desktop\quick-test\src\hoc\auth-layout\auth-layout.tsx:5:3)
    at LoginPage (C:\Users\Paul\OneDrive\Desktop\quick-test\src\views\login\login-page.tsx:10:55)
    at RenderedRoute (file:///C:/Users/Paul/OneDrive/Desktop/quick-test/node_modules/react-router/dist/development/chunk-4ZMWKKQ3.mjs:6218:26)
    at Routes (file:///C:/Users/Paul/OneDrive/Desktop/quick-test/node_modules/react-router/dist/development/chunk-4ZMWKKQ3.mjs:7097:3)
    at Router (file:///C:/Users/Paul/OneDrive/Desktop/quick-test/node_modules/react-router/dist/development/chunk-4ZMWKKQ3.mjs:7036:13)
    at MemoryRouter (file:///C:/Users/Paul/OneDrive/Desktop/quick-test/node_modules/react-router/dist/development/chunk-4ZMWKKQ3.mjs:6952:3)
    at MantineThemeProvider (file:///C:/Users/Paul/OneDrive/Desktop/quick-test/node_modules/@mantine/core/esm/core/MantineProvider/MantineThemeProvider/MantineThemeProvider.mjs:19:3)
    at MantineProvider (file:///C:/Users/Paul/OneDrive/Desktop/quick-test/node_modules/@mantine/core/esm/core/MantineProvider/MantineProvider.mjs:15:3)
    at QueryClientProvider (file:///C:/Users/Paul/OneDrive/Desktop/quick-test/node_modules/@tanstack/react-query/build/modern/QueryClientProvider.js:20:3)
Warning: An update to LoginForm inside a test was not wrapped in act(...).

When testing, code that causes React state updates should be wrapped into act(...):

act(() =&gt; {
  /* fire events that update state */
});
/* assert on the output */

This ensures that you&apos;re testing the behavior the user would see in the browser. Learn more at https://reactjs.org/link/wrap-tests-with-act
    at LoginForm (C:\Users\Paul\OneDrive\Desktop\quick-test\src\components\auth\login-form\login-form.tsx:13:22)
    at LoginContainer (C:\Users\Paul\OneDrive\Desktop\quick-test\src\containers\login\login.tsx:11:57)
    at div
    at section
    at div
    at AuthLayout (C:\Users\Paul\OneDrive\Desktop\quick-test\src\hoc\auth-layout\auth-layout.tsx:5:3)
    at LoginPage (C:\Users\Paul\OneDrive\Desktop\quick-test\src\views\login\login-page.tsx:10:55)
    at RenderedRoute (file:///C:/Users/Paul/OneDrive/Desktop/quick-test/node_modules/react-router/dist/development/chunk-4ZMWKKQ3.mjs:6218:26)
    at Routes (file:///C:/Users/Paul/OneDrive/Desktop/quick-test/node_modules/react-router/dist/development/chunk-4ZMWKKQ3.mjs:7097:3)
    at Router (file:///C:/Users/Paul/OneDrive/Desktop/quick-test/node_modules/react-router/dist/development/chunk-4ZMWKKQ3.mjs:7036:13)
    at MemoryRouter (file:///C:/Users/Paul/OneDrive/Desktop/quick-test/node_modules/react-router/dist/development/chunk-4ZMWKKQ3.mjs:6952:3)
    at MantineThemeProvider (file:///C:/Users/Paul/OneDrive/Desktop/quick-test/node_modules/@mantine/core/esm/core/MantineProvider/MantineThemeProvider/MantineThemeProvider.mjs:19:3)
    at MantineProvider (file:///C:/Users/Paul/OneDrive/Desktop/quick-test/node_modules/@mantine/core/esm/core/MantineProvider/MantineProvider.mjs:15:3)
    at QueryClientProvider (file:///C:/Users/Paul/OneDrive/Desktop/quick-test/node_modules/@tanstack/react-query/build/modern/QueryClientProvider.js:20:3)
Warning: An update to LoginForm inside a test was not wrapped in act(...).

When testing, code that causes React state updates should be wrapped into act(...):

act(() =&gt; {
  /* fire events that update state */
});
/* assert on the output */

This ensures that you&apos;re testing the behavior the user would see in the browser. Learn more at https://reactjs.org/link/wrap-tests-with-act
    at LoginForm (C:\Users\Paul\OneDrive\Desktop\quick-test\src\components\auth\login-form\login-form.tsx:13:22)
    at LoginContainer (C:\Users\Paul\OneDrive\Desktop\quick-test\src\containers\login\login.tsx:11:57)
    at div
    at section
    at div
    at AuthLayout (C:\Users\Paul\OneDrive\Desktop\quick-test\src\hoc\auth-layout\auth-layout.tsx:5:3)
    at LoginPage (C:\Users\Paul\OneDrive\Desktop\quick-test\src\views\login\login-page.tsx:10:55)
    at RenderedRoute (file:///C:/Users/Paul/OneDrive/Desktop/quick-test/node_modules/react-router/dist/development/chunk-4ZMWKKQ3.mjs:6218:26)
    at Routes (file:///C:/Users/Paul/OneDrive/Desktop/quick-test/node_modules/react-router/dist/development/chunk-4ZMWKKQ3.mjs:7097:3)
    at Router (file:///C:/Users/Paul/OneDrive/Desktop/quick-test/node_modules/react-router/dist/development/chunk-4ZMWKKQ3.mjs:7036:13)
    at MemoryRouter (file:///C:/Users/Paul/OneDrive/Desktop/quick-test/node_modules/react-router/dist/development/chunk-4ZMWKKQ3.mjs:6952:3)
    at MantineThemeProvider (file:///C:/Users/Paul/OneDrive/Desktop/quick-test/node_modules/@mantine/core/esm/core/MantineProvider/MantineThemeProvider/MantineThemeProvider.mjs:19:3)
    at MantineProvider (file:///C:/Users/Paul/OneDrive/Desktop/quick-test/node_modules/@mantine/core/esm/core/MantineProvider/MantineProvider.mjs:15:3)
    at QueryClientProvider (file:///C:/Users/Paul/OneDrive/Desktop/quick-test/node_modules/@tanstack/react-query/build/modern/QueryClientProvider.js:20:3)

Warning: An update to LoginForm inside a test was not wrapped in act(...).

When testing, code that causes React state updates should be wrapped into act(...):

act(() =&gt; {
  /* fire events that update state */
});
/* assert on the output */

This ensures that you&apos;re testing the behavior the user would see in the browser. Learn more at https://reactjs.org/link/wrap-tests-with-act
    at LoginForm (C:\Users\Paul\OneDrive\Desktop\quick-test\src\components\auth\login-form\login-form.tsx:13:22)
    at LoginContainer (C:\Users\Paul\OneDrive\Desktop\quick-test\src\containers\login\login.tsx:11:57)
    at div
    at section
    at div
    at AuthLayout (C:\Users\Paul\OneDrive\Desktop\quick-test\src\hoc\auth-layout\auth-layout.tsx:5:3)
    at LoginPage (C:\Users\Paul\OneDrive\Desktop\quick-test\src\views\login\login-page.tsx:10:55)
    at RenderedRoute (file:///C:/Users/Paul/OneDrive/Desktop/quick-test/node_modules/react-router/dist/development/chunk-4ZMWKKQ3.mjs:6218:26)
    at Routes (file:///C:/Users/Paul/OneDrive/Desktop/quick-test/node_modules/react-router/dist/development/chunk-4ZMWKKQ3.mjs:7097:3)
    at Router (file:///C:/Users/Paul/OneDrive/Desktop/quick-test/node_modules/react-router/dist/development/chunk-4ZMWKKQ3.mjs:7036:13)
    at MemoryRouter (file:///C:/Users/Paul/OneDrive/Desktop/quick-test/node_modules/react-router/dist/development/chunk-4ZMWKKQ3.mjs:6952:3)
    at MantineThemeProvider (file:///C:/Users/Paul/OneDrive/Desktop/quick-test/node_modules/@mantine/core/esm/core/MantineProvider/MantineThemeProvider/MantineThemeProvider.mjs:19:3)
    at MantineProvider (file:///C:/Users/Paul/OneDrive/Desktop/quick-test/node_modules/@mantine/core/esm/core/MantineProvider/MantineProvider.mjs:15:3)
    at QueryClientProvider (file:///C:/Users/Paul/OneDrive/Desktop/quick-test/node_modules/@tanstack/react-query/build/modern/QueryClientProvider.js:20:3)
Warning: An update to LoginForm inside a test was not wrapped in act(...).

When testing, code that causes React state updates should be wrapped into act(...):

act(() =&gt; {
  /* fire events that update state */
});
/* assert on the output */

This ensures that you&apos;re testing the behavior the user would see in the browser. Learn more at https://reactjs.org/link/wrap-tests-with-act
    at LoginForm (C:\Users\Paul\OneDrive\Desktop\quick-test\src\components\auth\login-form\login-form.tsx:13:22)
    at LoginContainer (C:\Users\Paul\OneDrive\Desktop\quick-test\src\containers\login\login.tsx:11:57)
    at div
    at section
    at div
    at AuthLayout (C:\Users\Paul\OneDrive\Desktop\quick-test\src\hoc\auth-layout\auth-layout.tsx:5:3)
    at LoginPage (C:\Users\Paul\OneDrive\Desktop\quick-test\src\views\login\login-page.tsx:10:55)
    at RenderedRoute (file:///C:/Users/Paul/OneDrive/Desktop/quick-test/node_modules/react-router/dist/development/chunk-4ZMWKKQ3.mjs:6218:26)
    at Routes (file:///C:/Users/Paul/OneDrive/Desktop/quick-test/node_modules/react-router/dist/development/chunk-4ZMWKKQ3.mjs:7097:3)
    at Router (file:///C:/Users/Paul/OneDrive/Desktop/quick-test/node_modules/react-router/dist/development/chunk-4ZMWKKQ3.mjs:7036:13)
    at MemoryRouter (file:///C:/Users/Paul/OneDrive/Desktop/quick-test/node_modules/react-router/dist/development/chunk-4ZMWKKQ3.mjs:6952:3)
    at MantineThemeProvider (file:///C:/Users/Paul/OneDrive/Desktop/quick-test/node_modules/@mantine/core/esm/core/MantineProvider/MantineThemeProvider/MantineThemeProvider.mjs:19:3)
    at MantineProvider (file:///C:/Users/Paul/OneDrive/Desktop/quick-test/node_modules/@mantine/core/esm/core/MantineProvider/MantineProvider.mjs:15:3)
    at QueryClientProvider (file:///C:/Users/Paul/OneDrive/Desktop/quick-test/node_modules/@tanstack/react-query/build/modern/QueryClientProvider.js:20:3)
Warning: An update to LoginForm inside a test was not wrapped in act(...).

When testing, code that causes React state updates should be wrapped into act(...):

act(() =&gt; {
  /* fire events that update state */
});
/* assert on the output */

This ensures that you&apos;re testing the behavior the user would see in the browser. Learn more at https://reactjs.org/link/wrap-tests-with-act
    at LoginForm (C:\Users\Paul\OneDrive\Desktop\quick-test\src\components\auth\login-form\login-form.tsx:13:22)
    at LoginContainer (C:\Users\Paul\OneDrive\Desktop\quick-test\src\containers\login\login.tsx:11:57)
    at div
    at section
    at div
    at AuthLayout (C:\Users\Paul\OneDrive\Desktop\quick-test\src\hoc\auth-layout\auth-layout.tsx:5:3)
    at LoginPage (C:\Users\Paul\OneDrive\Desktop\quick-test\src\views\login\login-page.tsx:10:55)
    at RenderedRoute (file:///C:/Users/Paul/OneDrive/Desktop/quick-test/node_modules/react-router/dist/development/chunk-4ZMWKKQ3.mjs:6218:26)
    at Routes (file:///C:/Users/Paul/OneDrive/Desktop/quick-test/node_modules/react-router/dist/development/chunk-4ZMWKKQ3.mjs:7097:3)
    at Router (file:///C:/Users/Paul/OneDrive/Desktop/quick-test/node_modules/react-router/dist/development/chunk-4ZMWKKQ3.mjs:7036:13)
    at MemoryRouter (file:///C:/Users/Paul/OneDrive/Desktop/quick-test/node_modules/react-router/dist/development/chunk-4ZMWKKQ3.mjs:6952:3)
    at MantineThemeProvider (file:///C:/Users/Paul/OneDrive/Desktop/quick-test/node_modules/@mantine/core/esm/core/MantineProvider/MantineThemeProvider/MantineThemeProvider.mjs:19:3)
    at MantineProvider (file:///C:/Users/Paul/OneDrive/Desktop/quick-test/node_modules/@mantine/core/esm/core/MantineProvider/MantineProvider.mjs:15:3)
    at QueryClientProvider (file:///C:/Users/Paul/OneDrive/Desktop/quick-test/node_modules/@tanstack/react-query/build/modern/QueryClientProvider.js:20:3)

Warning: An update to LoginForm inside a test was not wrapped in act(...).

When testing, code that causes React state updates should be wrapped into act(...):

act(() =&gt; {
  /* fire events that update state */
});
/* assert on the output */

This ensures that you&apos;re testing the behavior the user would see in the browser. Learn more at https://reactjs.org/link/wrap-tests-with-act
    at LoginForm (C:\Users\Paul\OneDrive\Desktop\quick-test\src\components\auth\login-form\login-form.tsx:13:22)
    at LoginContainer (C:\Users\Paul\OneDrive\Desktop\quick-test\src\containers\login\login.tsx:11:57)
    at div
    at section
    at div
    at AuthLayout (C:\Users\Paul\OneDrive\Desktop\quick-test\src\hoc\auth-layout\auth-layout.tsx:5:3)
    at LoginPage (C:\Users\Paul\OneDrive\Desktop\quick-test\src\views\login\login-page.tsx:10:55)
    at RenderedRoute (file:///C:/Users/Paul/OneDrive/Desktop/quick-test/node_modules/react-router/dist/development/chunk-4ZMWKKQ3.mjs:6218:26)
    at Routes (file:///C:/Users/Paul/OneDrive/Desktop/quick-test/node_modules/react-router/dist/development/chunk-4ZMWKKQ3.mjs:7097:3)
    at Router (file:///C:/Users/Paul/OneDrive/Desktop/quick-test/node_modules/react-router/dist/development/chunk-4ZMWKKQ3.mjs:7036:13)
    at MemoryRouter (file:///C:/Users/Paul/OneDrive/Desktop/quick-test/node_modules/react-router/dist/development/chunk-4ZMWKKQ3.mjs:6952:3)
    at MantineThemeProvider (file:///C:/Users/Paul/OneDrive/Desktop/quick-test/node_modules/@mantine/core/esm/core/MantineProvider/MantineThemeProvider/MantineThemeProvider.mjs:19:3)
    at MantineProvider (file:///C:/Users/Paul/OneDrive/Desktop/quick-test/node_modules/@mantine/core/esm/core/MantineProvider/MantineProvider.mjs:15:3)
    at QueryClientProvider (file:///C:/Users/Paul/OneDrive/Desktop/quick-test/node_modules/@tanstack/react-query/build/modern/QueryClientProvider.js:20:3)
Warning: An update to LoginForm inside a test was not wrapped in act(...).

When testing, code that causes React state updates should be wrapped into act(...):

act(() =&gt; {
  /* fire events that update state */
});
/* assert on the output */

This ensures that you&apos;re testing the behavior the user would see in the browser. Learn more at https://reactjs.org/link/wrap-tests-with-act
    at LoginForm (C:\Users\Paul\OneDrive\Desktop\quick-test\src\components\auth\login-form\login-form.tsx:13:22)
    at LoginContainer (C:\Users\Paul\OneDrive\Desktop\quick-test\src\containers\login\login.tsx:11:57)
    at div
    at section
    at div
    at AuthLayout (C:\Users\Paul\OneDrive\Desktop\quick-test\src\hoc\auth-layout\auth-layout.tsx:5:3)
    at LoginPage (C:\Users\Paul\OneDrive\Desktop\quick-test\src\views\login\login-page.tsx:10:55)
    at RenderedRoute (file:///C:/Users/Paul/OneDrive/Desktop/quick-test/node_modules/react-router/dist/development/chunk-4ZMWKKQ3.mjs:6218:26)
    at Routes (file:///C:/Users/Paul/OneDrive/Desktop/quick-test/node_modules/react-router/dist/development/chunk-4ZMWKKQ3.mjs:7097:3)
    at Router (file:///C:/Users/Paul/OneDrive/Desktop/quick-test/node_modules/react-router/dist/development/chunk-4ZMWKKQ3.mjs:7036:13)
    at MemoryRouter (file:///C:/Users/Paul/OneDrive/Desktop/quick-test/node_modules/react-router/dist/development/chunk-4ZMWKKQ3.mjs:6952:3)
    at MantineThemeProvider (file:///C:/Users/Paul/OneDrive/Desktop/quick-test/node_modules/@mantine/core/esm/core/MantineProvider/MantineThemeProvider/MantineThemeProvider.mjs:19:3)
    at MantineProvider (file:///C:/Users/Paul/OneDrive/Desktop/quick-test/node_modules/@mantine/core/esm/core/MantineProvider/MantineProvider.mjs:15:3)
    at QueryClientProvider (file:///C:/Users/Paul/OneDrive/Desktop/quick-test/node_modules/@tanstack/react-query/build/modern/QueryClientProvider.js:20:3)
Warning: An update to LoginForm inside a test was not wrapped in act(...).

When testing, code that causes React state updates should be wrapped into act(...):

act(() =&gt; {
  /* fire events that update state */
});
/* assert on the output */

This ensures that you&apos;re testing the behavior the user would see in the browser. Learn more at https://reactjs.org/link/wrap-tests-with-act
    at LoginForm (C:\Users\Paul\OneDrive\Desktop\quick-test\src\components\auth\login-form\login-form.tsx:13:22)
    at LoginContainer (C:\Users\Paul\OneDrive\Desktop\quick-test\src\containers\login\login.tsx:11:57)
    at div
    at section
    at div
    at AuthLayout (C:\Users\Paul\OneDrive\Desktop\quick-test\src\hoc\auth-layout\auth-layout.tsx:5:3)
    at LoginPage (C:\Users\Paul\OneDrive\Desktop\quick-test\src\views\login\login-page.tsx:10:55)
    at RenderedRoute (file:///C:/Users/Paul/OneDrive/Desktop/quick-test/node_modules/react-router/dist/development/chunk-4ZMWKKQ3.mjs:6218:26)
    at Routes (file:///C:/Users/Paul/OneDrive/Desktop/quick-test/node_modules/react-router/dist/development/chunk-4ZMWKKQ3.mjs:7097:3)
    at Router (file:///C:/Users/Paul/OneDrive/Desktop/quick-test/node_modules/react-router/dist/development/chunk-4ZMWKKQ3.mjs:7036:13)
    at MemoryRouter (file:///C:/Users/Paul/OneDrive/Desktop/quick-test/node_modules/react-router/dist/development/chunk-4ZMWKKQ3.mjs:6952:3)
    at MantineThemeProvider (file:///C:/Users/Paul/OneDrive/Desktop/quick-test/node_modules/@mantine/core/esm/core/MantineProvider/MantineThemeProvider/MantineThemeProvider.mjs:19:3)
    at MantineProvider (file:///C:/Users/Paul/OneDrive/Desktop/quick-test/node_modules/@mantine/core/esm/core/MantineProvider/MantineProvider.mjs:15:3)
    at QueryClientProvider (file:///C:/Users/Paul/OneDrive/Desktop/quick-test/node_modules/@tanstack/react-query/build/modern/QueryClientProvider.js:20:3)

Warning: An update to LoginForm inside a test was not wrapped in act(...).

When testing, code that causes React state updates should be wrapped into act(...):

act(() =&gt; {
  /* fire events that update state */
});
/* assert on the output */

This ensures that you&apos;re testing the behavior the user would see in the browser. Learn more at https://reactjs.org/link/wrap-tests-with-act
    at LoginForm (C:\Users\Paul\OneDrive\Desktop\quick-test\src\components\auth\login-form\login-form.tsx:13:22)
    at LoginContainer (C:\Users\Paul\OneDrive\Desktop\quick-test\src\containers\login\login.tsx:11:57)
    at div
    at section
    at div
    at AuthLayout (C:\Users\Paul\OneDrive\Desktop\quick-test\src\hoc\auth-layout\auth-layout.tsx:5:3)
    at LoginPage (C:\Users\Paul\OneDrive\Desktop\quick-test\src\views\login\login-page.tsx:10:55)
    at RenderedRoute (file:///C:/Users/Paul/OneDrive/Desktop/quick-test/node_modules/react-router/dist/development/chunk-4ZMWKKQ3.mjs:6218:26)
    at Routes (file:///C:/Users/Paul/OneDrive/Desktop/quick-test/node_modules/react-router/dist/development/chunk-4ZMWKKQ3.mjs:7097:3)
    at Router (file:///C:/Users/Paul/OneDrive/Desktop/quick-test/node_modules/react-router/dist/development/chunk-4ZMWKKQ3.mjs:7036:13)
    at MemoryRouter (file:///C:/Users/Paul/OneDrive/Desktop/quick-test/node_modules/react-router/dist/development/chunk-4ZMWKKQ3.mjs:6952:3)
    at MantineThemeProvider (file:///C:/Users/Paul/OneDrive/Desktop/quick-test/node_modules/@mantine/core/esm/core/MantineProvider/MantineThemeProvider/MantineThemeProvider.mjs:19:3)
    at MantineProvider (file:///C:/Users/Paul/OneDrive/Desktop/quick-test/node_modules/@mantine/core/esm/core/MantineProvider/MantineProvider.mjs:15:3)
    at QueryClientProvider (file:///C:/Users/Paul/OneDrive/Desktop/quick-test/node_modules/@tanstack/react-query/build/modern/QueryClientProvider.js:20:3)
Warning: An update to LoginForm inside a test was not wrapped in act(...).

When testing, code that causes React state updates should be wrapped into act(...):

act(() =&gt; {
  /* fire events that update state */
});
/* assert on the output */

This ensures that you&apos;re testing the behavior the user would see in the browser. Learn more at https://reactjs.org/link/wrap-tests-with-act
    at LoginForm (C:\Users\Paul\OneDrive\Desktop\quick-test\src\components\auth\login-form\login-form.tsx:13:22)
    at LoginContainer (C:\Users\Paul\OneDrive\Desktop\quick-test\src\containers\login\login.tsx:11:57)
    at div
    at section
    at div
    at AuthLayout (C:\Users\Paul\OneDrive\Desktop\quick-test\src\hoc\auth-layout\auth-layout.tsx:5:3)
    at LoginPage (C:\Users\Paul\OneDrive\Desktop\quick-test\src\views\login\login-page.tsx:10:55)
    at RenderedRoute (file:///C:/Users/Paul/OneDrive/Desktop/quick-test/node_modules/react-router/dist/development/chunk-4ZMWKKQ3.mjs:6218:26)
    at Routes (file:///C:/Users/Paul/OneDrive/Desktop/quick-test/node_modules/react-router/dist/development/chunk-4ZMWKKQ3.mjs:7097:3)
    at Router (file:///C:/Users/Paul/OneDrive/Desktop/quick-test/node_modules/react-router/dist/development/chunk-4ZMWKKQ3.mjs:7036:13)
    at MemoryRouter (file:///C:/Users/Paul/OneDrive/Desktop/quick-test/node_modules/react-router/dist/development/chunk-4ZMWKKQ3.mjs:6952:3)
    at MantineThemeProvider (file:///C:/Users/Paul/OneDrive/Desktop/quick-test/node_modules/@mantine/core/esm/core/MantineProvider/MantineThemeProvider/MantineThemeProvider.mjs:19:3)
    at MantineProvider (file:///C:/Users/Paul/OneDrive/Desktop/quick-test/node_modules/@mantine/core/esm/core/MantineProvider/MantineProvider.mjs:15:3)
    at QueryClientProvider (file:///C:/Users/Paul/OneDrive/Desktop/quick-test/node_modules/@tanstack/react-query/build/modern/QueryClientProvider.js:20:3)
Warning: An update to LoginForm inside a test was not wrapped in act(...).

When testing, code that causes React state updates should be wrapped into act(...):

[...]

When testing, code that causes React state updates should be wrapped into act(...):

act(() =&gt; {
  /* fire events that update state */
});
/* assert on the output */

This ensures that you&apos;re testing the behavior the user would see in the browser. Learn more at https://reactjs.org/link/wrap-tests-with-act
    at LoginForm (C:\Users\Paul\OneDrive\Desktop\quick-test\src\components\auth\login-form\login-form.tsx:13:22)
    at LoginContainer (C:\Users\Paul\OneDrive\Desktop\quick-test\src\containers\login\login.tsx:11:57)
    at div
    at section
    at div
    at AuthLayout (C:\Users\Paul\OneDrive\Desktop\quick-test\src\hoc\auth-layout\auth-layout.tsx:5:3)
    at LoginPage (C:\Users\Paul\OneDrive\Desktop\quick-test\src\views\login\login-page.tsx:10:55)
    at RenderedRoute (file:///C:/Users/Paul/OneDrive/Desktop/quick-test/node_modules/react-router/dist/development/chunk-4ZMWKKQ3.mjs:6218:26)
    at Routes (file:///C:/Users/Paul/OneDrive/Desktop/quick-test/node_modules/react-router/dist/development/chunk-4ZMWKKQ3.mjs:7097:3)
    at Router (file:///C:/Users/Paul/OneDrive/Desktop/quick-test/node_modules/react-router/dist/development/chunk-4ZMWKKQ3.mjs:7036:13)
    at MemoryRouter (file:///C:/Users/Paul/OneDrive/Desktop/quick-test/node_modules/react-router/dist/development/chunk-4ZMWKKQ3.mjs:6952:3)
    at MantineThemeProvider (file:///C:/Users/Paul/OneDrive/Desktop/quick-test/node_modules/@mantine/core/esm/core/MantineProvider/MantineThemeProvider/MantineThemeProvider.mjs:19:3)
    at MantineProvider (file:///C:/Users/Paul/OneDrive/Desktop/quick-test/node_modules/@mantine/core/esm/core/MantineProvider/MantineProvider.mjs:15:3)
    at QueryClientProvider (file:///C:/Users/Paul/OneDrive/Desktop/quick-test/node_modules/@tanstack/react-query/build/modern/QueryClientProvider.js:20:3)
Warning: An update to LoginForm inside a test was not wrapped in act(...).

When testing, code that causes React state updates should be wrapped into act(...):

act(() =&gt; {
  /* fire events that update state */
});
/* assert on the output */

This ensures that you&apos;re testing the behavior the user would see in the browser. Learn more at https://reactjs.org/link/wrap-tests-with-act
    at LoginForm (C:\Users\Paul\OneDrive\Desktop\quick-test\src\components\auth\login-form\login-form.tsx:13:22)
    at LoginContainer (C:\Users\Paul\OneDrive\Desktop\quick-test\src\containers\login\login.tsx:11:57)
    at div
    at section
    at div
    at AuthLayout (C:\Users\Paul\OneDrive\Desktop\quick-test\src\hoc\auth-layout\auth-layout.tsx:5:3)
    at LoginPage (C:\Users\Paul\OneDrive\Desktop\quick-test\src\views\login\login-page.tsx:10:55)
    at RenderedRoute (file:///C:/Users/Paul/OneDrive/Desktop/quick-test/node_modules/react-router/dist/development/chunk-4ZMWKKQ3.mjs:6218:26)
    at Routes (file:///C:/Users/Paul/OneDrive/Desktop/quick-test/node_modules/react-router/dist/development/chunk-4ZMWKKQ3.mjs:7097:3)
    at Router (file:///C:/Users/Paul/OneDrive/Desktop/quick-test/node_modules/react-router/dist/development/chunk-4ZMWKKQ3.mjs:7036:13)
    at MemoryRouter (file:///C:/Users/Paul/OneDrive/Desktop/quick-test/node_modules/react-router/dist/development/chunk-4ZMWKKQ3.mjs:6952:3)
    at MantineThemeProvider (file:///C:/Users/Paul/OneDrive/Desktop/quick-test/node_modules/@mantine/core/esm/core/MantineProvider/MantineThemeProvider/MantineThemeProvider.mjs:19:3)
    at MantineProvider (file:///C:/Users/Paul/OneDrive/Desktop/quick-test/node_modules/@mantine/core/esm/core/MantineProvider/MantineProvider.mjs:15:3)
    at QueryClientProvider (file:///C:/Users/Paul/OneDrive/Desktop/quick-test/node_modules/@tanstack/react-query/build/modern/QueryClientProvider.js:20:3)
Warning: An update to LoginForm inside a test was not wrapped in act(...).

When testing, code that causes React state updates should be wrapped into act(...):

act(() =&gt; {
  /* fire events that update state */
});
/* assert on the output */

This ensures that you&apos;re testing the behavior the user would see in the browser. Learn more at https://reactjs.org/link/wrap-tests-with-act
    at LoginForm (C:\Users\Paul\OneDrive\Desktop\quick-test\src\components\auth\login-form\login-form.tsx:13:22)
    at LoginContainer (C:\Users\Paul\OneDrive\Desktop\quick-test\src\containers\login\login.tsx:11:57)
    at div
    at section
    at div
    at AuthLayout (C:\Users\Paul\OneDrive\Desktop\quick-test\src\hoc\auth-layout\auth-layout.tsx:5:3)
    at LoginPage (C:\Users\Paul\OneDrive\Desktop\quick-test\src\views\login\login-page.tsx:10:55)
    at RenderedRoute (file:///C:/Users/Paul/OneDrive/Desktop/quick-test/node_modules/react-router/dist/development/chunk-4ZMWKKQ3.mjs:6218:26)
    at Routes (file:///C:/Users/Paul/OneDrive/Desktop/quick-test/node_modules/react-router/dist/development/chunk-4ZMWKKQ3.mjs:7097:3)
    at Router (file:///C:/Users/Paul/OneDrive/Desktop/quick-test/node_modules/react-router/dist/development/chunk-4ZMWKKQ3.mjs:7036:13)
    at MemoryRouter (file:///C:/Users/Paul/OneDrive/Desktop/quick-test/node_modules/react-router/dist/development/chunk-4ZMWKKQ3.mjs:6952:3)
    at MantineThemeProvider (file:///C:/Users/Paul/OneDrive/Desktop/quick-test/node_modules/@mantine/core/esm/core/MantineProvider/MantineThemeProvider/MantineThemeProvider.mjs:19:3)
    at MantineProvider (file:///C:/Users/Paul/OneDrive/Desktop/quick-test/node_modules/@mantine/core/esm/core/MantineProvider/MantineProvider.mjs:15:3)
    at QueryClientProvider (file:///C:/Users/Paul/OneDrive/Desktop/quick-test/node_modules/@tanstack/react-query/build/modern/QueryClientProvider.js:20:3)

Warning: An update to LoginForm inside a test was not wrapped in act(...).

When testing, code that causes React state updates should be wrapped into act(...):

act(() =&gt; {
  /* fire events that update state */
});
/* assert on the output */

This ensures that you&apos;re testing the behavior the user would see in the browser. Learn more at https://reactjs.org/link/wrap-tests-with-act
    at LoginForm (C:\Users\Paul\OneDrive\Desktop\quick-test\src\components\auth\login-form\login-form.tsx:13:22)
    at LoginContainer (C:\Users\Paul\OneDrive\Desktop\quick-test\src\containers\login\login.tsx:11:57)
    at div
    at section
    at div
    at AuthLayout (C:\Users\Paul\OneDrive\Desktop\quick-test\src\hoc\auth-layout\auth-layout.tsx:5:3)
    at LoginPage (C:\Users\Paul\OneDrive\Desktop\quick-test\src\views\login\login-page.tsx:10:55)
    at RenderedRoute (file:///C:/Users/Paul/OneDrive/Desktop/quick-test/node_modules/react-router/dist/development/chunk-4ZMWKKQ3.mjs:6218:26)
    at Routes (file:///C:/Users/Paul/OneDrive/Desktop/quick-test/node_modules/react-router/dist/development/chunk-4ZMWKKQ3.mjs:7097:3)
    at Router (file:///C:/Users/Paul/OneDrive/Desktop/quick-test/node_modules/react-router/dist/development/chunk-4ZMWKKQ3.mjs:7036:13)
    at MemoryRouter (file:///C:/Users/Paul/OneDrive/Desktop/quick-test/node_modules/react-router/dist/development/chunk-4ZMWKKQ3.mjs:6952:3)
    at MantineThemeProvider (file:///C:/Users/Paul/OneDrive/Desktop/quick-test/node_modules/@mantine/core/esm/core/MantineProvider/MantineThemeProvider/MantineThemeProvider.mjs:19:3)
    at MantineProvider (file:///C:/Users/Paul/OneDrive/Desktop/quick-test/node_modules/@mantine/core/esm/core/MantineProvider/MantineProvider.mjs:15:3)
    at QueryClientProvider (file:///C:/Users/Paul/OneDrive/Desktop/quick-test/node_modules/@tanstack/react-query/build/modern/QueryClientProvider.js:20:3)
Warning: An update to LoginForm inside a test was not wrapped in act(...).

When testing, code that causes React state updates should be wrapped into act(...):

act(() =&gt; {
  /* fire events that update state */
});
/* assert on the output */

This ensures that you&apos;re testing the behavior the user would see in the browser. Learn more at https://reactjs.org/link/wrap-tests-with-act
    at LoginForm (C:\Users\Paul\OneDrive\Desktop\quick-test\src\components\auth\login-form\login-form.tsx:13:22)
    at LoginContainer (C:\Users\Paul\OneDrive\Desktop\quick-test\src\containers\login\login.tsx:11:57)
    at div
    at section
    at div
    at AuthLayout (C:\Users\Paul\OneDrive\Desktop\quick-test\src\hoc\auth-layout\auth-layout.tsx:5:3)
    at LoginPage (C:\Users\Paul\OneDrive\Desktop\quick-test\src\views\login\login-page.tsx:10:55)
    at RenderedRoute (file:///C:/Users/Paul/OneDrive/Desktop/quick-test/node_modules/react-router/dist/development/chunk-4ZMWKKQ3.mjs:6218:26)
    at Routes (file:///C:/Users/Paul/OneDrive/Desktop/quick-test/node_modules/react-router/dist/development/chunk-4ZMWKKQ3.mjs:7097:3)
    at Router (file:///C:/Users/Paul/OneDrive/Desktop/quick-test/node_modules/react-router/dist/development/chunk-4ZMWKKQ3.mjs:7036:13)
    at MemoryRouter (file:///C:/Users/Paul/OneDrive/Desktop/quick-test/node_modules/react-router/dist/development/chunk-4ZMWKKQ3.mjs:6952:3)
    at MantineThemeProvider (file:///C:/Users/Paul/OneDrive/Desktop/quick-test/node_modules/@mantine/core/esm/core/MantineProvider/MantineThemeProvider/MantineThemeProvider.mjs:19:3)
    at MantineProvider (file:///C:/Users/Paul/OneDrive/Desktop/quick-test/node_modules/@mantine/core/esm/core/MantineProvider/MantineProvider.mjs:15:3)
    at QueryClientProvider (file:///C:/Users/Paul/OneDrive/Desktop/quick-test/node_modules/@tanstack/react-query/build/modern/QueryClientProvider.js:20:3)
Warning: An update to LoginForm inside a test was not wrapped in act(...).

When testing, code that causes React state updates should be wrapped into act(...):

act(() =&gt; {
  /* fire events that update state */
});
/* assert on the output */

This ensures that you&apos;re testing the behavior the user would see in the browser. Learn more at https://reactjs.org/link/wrap-tests-with-act
    at LoginForm (C:\Users\Paul\OneDrive\Desktop\quick-test\src\components\auth\login-form\login-form.tsx:13:22)
    at LoginContainer (C:\Users\Paul\OneDrive\Desktop\quick-test\src\containers\login\login.tsx:11:57)
    at div
    at section
    at div
    at AuthLayout (C:\Users\Paul\OneDrive\Desktop\quick-test\src\hoc\auth-layout\auth-layout.tsx:5:3)
    at LoginPage (C:\Users\Paul\OneDrive\Desktop\quick-test\src\views\login\login-page.tsx:10:55)
    at RenderedRoute (file:///C:/Users/Paul/OneDrive/Desktop/quick-test/node_modules/react-router/dist/development/chunk-4ZMWKKQ3.mjs:6218:26)
    at Routes (file:///C:/Users/Paul/OneDrive/Desktop/quick-test/node_modules/react-router/dist/development/chunk-4ZMWKKQ3.mjs:7097:3)
    at Router (file:///C:/Users/Paul/OneDrive/Desktop/quick-test/node_modules/react-router/dist/development/chunk-4ZMWKKQ3.mjs:7036:13)
    at MemoryRouter (file:///C:/Users/Paul/OneDrive/Desktop/quick-test/node_modules/react-router/dist/development/chunk-4ZMWKKQ3.mjs:6952:3)
    at MantineThemeProvider (file:///C:/Users/Paul/OneDrive/Desktop/quick-test/node_modules/@mantine/core/esm/core/MantineProvider/MantineThemeProvider/MantineThemeProvider.mjs:19:3)
    at MantineProvider (file:///C:/Users/Paul/OneDrive/Desktop/quick-test/node_modules/@mantine/core/esm/core/MantineProvider/MantineProvider.mjs:15:3)
    at QueryClientProvider (file:///C:/Users/Paul/OneDrive/Desktop/quick-test/node_modules/@tanstack/react-query/build/modern/QueryClientProvider.js:20:3)

Warning: An update to LoginForm inside a test was not wrapped in act(...).

When testing, code that causes React state updates should be wrapped into act(...):

act(() =&gt; {
  /* fire events that update state */
});
/* assert on the output */

This ensures that you&apos;re testing the behavior the user would see in the browser. Learn more at https://reactjs.org/link/wrap-tests-with-act
    at LoginForm (C:\Users\Paul\OneDrive\Desktop\quick-test\src\components\auth\login-form\login-form.tsx:13:22)
    at LoginContainer (C:\Users\Paul\OneDrive\Desktop\quick-test\src\containers\login\login.tsx:11:57)
    at div
    at section
    at div
    at AuthLayout (C:\Users\Paul\OneDrive\Desktop\quick-test\src\hoc\auth-layout\auth-layout.tsx:5:3)
    at LoginPage (C:\Users\Paul\OneDrive\Desktop\quick-test\src\views\login\login-page.tsx:10:55)
    at RenderedRoute (file:///C:/Users/Paul/OneDrive/Desktop/quick-test/node_modules/react-router/dist/development/chunk-4ZMWKKQ3.mjs:6218:26)
    at Routes (file:///C:/Users/Paul/OneDrive/Desktop/quick-test/node_modules/react-router/dist/development/chunk-4ZMWKKQ3.mjs:7097:3)
    at Router (file:///C:/Users/Paul/OneDrive/Desktop/quick-test/node_modules/react-router/dist/development/chunk-4ZMWKKQ3.mjs:7036:13)
    at MemoryRouter (file:///C:/Users/Paul/OneDrive/Desktop/quick-test/node_modules/react-router/dist/development/chunk-4ZMWKKQ3.mjs:6952:3)
    at MantineThemeProvider (file:///C:/Users/Paul/OneDrive/Desktop/quick-test/node_modules/@mantine/core/esm/core/MantineProvider/MantineThemeProvider/MantineThemeProvider.mjs:19:3)
    at MantineProvider (file:///C:/Users/Paul/OneDrive/Desktop/quick-test/node_modules/@mantine/core/esm/core/MantineProvider/MantineProvider.mjs:15:3)
    at QueryClientProvider (file:///C:/Users/Paul/OneDrive/Desktop/quick-test/node_modules/@tanstack/react-query/build/modern/QueryClientProvider.js:20:3)
Warning: An update to LoginForm inside a test was not wrapped in act(...).

When testing, code that causes React state updates should be wrapped into act(...):

act(() =&gt; {
  /* fire events that update state */
});
/* assert on the output */

This ensures that you&apos;re testing the behavior the user would see in the browser. Learn more at https://reactjs.org/link/wrap-tests-with-act
    at LoginForm (C:\Users\Paul\OneDrive\Desktop\quick-test\src\components\auth\login-form\login-form.tsx:13:22)
    at LoginContainer (C:\Users\Paul\OneDrive\Desktop\quick-test\src\containers\login\login.tsx:11:57)
    at div
    at section
    at div
    at AuthLayout (C:\Users\Paul\OneDrive\Desktop\quick-test\src\hoc\auth-layout\auth-layout.tsx:5:3)
    at LoginPage (C:\Users\Paul\OneDrive\Desktop\quick-test\src\views\login\login-page.tsx:10:55)
    at RenderedRoute (file:///C:/Users/Paul/OneDrive/Desktop/quick-test/node_modules/react-router/dist/development/chunk-4ZMWKKQ3.mjs:6218:26)
    at Routes (file:///C:/Users/Paul/OneDrive/Desktop/quick-test/node_modules/react-router/dist/development/chunk-4ZMWKKQ3.mjs:7097:3)
    at Router (file:///C:/Users/Paul/OneDrive/Desktop/quick-test/node_modules/react-router/dist/development/chunk-4ZMWKKQ3.mjs:7036:13)
    at MemoryRouter (file:///C:/Users/Paul/OneDrive/Desktop/quick-test/node_modules/react-router/dist/development/chunk-4ZMWKKQ3.mjs:6952:3)
    at MantineThemeProvider (file:///C:/Users/Paul/OneDrive/Desktop/quick-test/node_modules/@mantine/core/esm/core/MantineProvider/MantineThemeProvider/MantineThemeProvider.mjs:19:3)
    at MantineProvider (file:///C:/Users/Paul/OneDrive/Desktop/quick-test/node_modules/@mantine/core/esm/core/MantineProvider/MantineProvider.mjs:15:3)
    at QueryClientProvider (file:///C:/Users/Paul/OneDrive/Desktop/quick-test/node_modules/@tanstack/react-query/build/modern/QueryClientProvider.js:20:3)

Warning: An update to LoginForm inside a test was not wrapped in act(...).

When testing, code that causes React state updates should be wrapped into act(...):

act(() =&gt; {
  /* fire events that update state */
});
/* assert on the output */

This ensures that you&apos;re testing the behavior the user would see in the browser. Learn more at https://reactjs.org/link/wrap-tests-with-act
    at LoginForm (C:\Users\Paul\OneDrive\Desktop\quick-test\src\components\auth\login-form\login-form.tsx:13:22)
    at LoginContainer (C:\Users\Paul\OneDrive\Desktop\quick-test\src\containers\login\login.tsx:11:57)
    at div
    at section
    at div
    at AuthLayout (C:\Users\Paul\OneDrive\Desktop\quick-test\src\hoc\auth-layout\auth-layout.tsx:5:3)
    at LoginPage (C:\Users\Paul\OneDrive\Desktop\quick-test\src\views\login\login-page.tsx:10:55)
    at RenderedRoute (file:///C:/Users/Paul/OneDrive/Desktop/quick-test/node_modules/react-router/dist/development/chunk-4ZMWKKQ3.mjs:6218:26)
    at Routes (file:///C:/Users/Paul/OneDrive/Desktop/quick-test/node_modules/react-router/dist/development/chunk-4ZMWKKQ3.mjs:7097:3)
    at Router (file:///C:/Users/Paul/OneDrive/Desktop/quick-test/node_modules/react-router/dist/development/chunk-4ZMWKKQ3.mjs:7036:13)
    at MemoryRouter (file:///C:/Users/Paul/OneDrive/Desktop/quick-test/node_modules/react-router/dist/development/chunk-4ZMWKKQ3.mjs:6952:3)
    at MantineThemeProvider (file:///C:/Users/Paul/OneDrive/Desktop/quick-test/node_modules/@mantine/core/esm/core/MantineProvider/MantineThemeProvider/MantineThemeProvider.mjs:19:3)
    at MantineProvider (file:///C:/Users/Paul/OneDrive/Desktop/quick-test/node_modules/@mantine/core/esm/core/MantineProvider/MantineProvider.mjs:15:3)
    at QueryClientProvider (file:///C:/Users/Paul/OneDrive/Desktop/quick-test/node_modules/@tanstack/react-query/build/modern/QueryClientProvider.js:20:3)

[MSW] Warning: intercepted a request without a matching request handler:

  • POST http://localhost:3001/auth/refresh

If you still wish to intercept this unhandled request, please create a request handler for it.
Read more: https://mswjs.io/docs/http/intercepting-requests

Error: Not implemented: navigation (except hash changes)
    at module.exports (C:\Users\Paul\OneDrive\Desktop\quick-test\node_modules\jsdom\lib\jsdom\browser\not-implemented.js:9:17)
    at navigateFetch (C:\Users\Paul\OneDrive\Desktop\quick-test\node_modules\jsdom\lib\jsdom\living\window\navigation.js:77:3)
    at exports.navigate (C:\Users\Paul\OneDrive\Desktop\quick-test\node_modules\jsdom\lib\jsdom\living\window\navigation.js:55:3)
    at LocationImpl._locationObjectNavigate (C:\Users\Paul\OneDrive\Desktop\quick-test\node_modules\jsdom\lib\jsdom\living\window\Location-impl.js:30:5)
    at LocationImpl.replace (C:\Users\Paul\OneDrive\Desktop\quick-test\node_modules\jsdom\lib\jsdom\living\window\Location-impl.js:220:10)
    at Location.replace (C:\Users\Paul\OneDrive\Desktop\quick-test\node_modules\jsdom\lib\jsdom\living\generated\Location.js:94:36)
    at customFetch (C:\Users\Paul\OneDrive\Desktop\quick-test\src\api\fetcher.ts:54:20)
    at processTicksAndRejections (node:internal/process/task_queues:103:5)
    at o (file:///C:/Users/Paul/OneDrive/Desktop/quick-test/node_modules/@hey-api/client-fetch/src/client.ts:75:20)
    at Object.mutationFn (C:\Users\Paul\OneDrive\Desktop\quick-test\src\api\generated\@tanstack\react-query.gen.ts:487:24) undefined
Token refresh failed: TypeError: fetch failed
    at node:internal/deps/undici/undici:16416:13
    at processTicksAndRejections (node:internal/process/task_queues:103:5)
    at until (file:///C:/Users/Paul/OneDrive/Desktop/quick-test/node_modules/@open-draft/until/src/until.ts:23:18)
    at Object.passthrough (file:///C:/Users/Paul/OneDrive/Desktop/quick-test/node_modules/@mswjs/interceptors/src/interceptors/fetch/index.ts:75:68)
    at RequestController.passthrough (file:///C:/Users/Paul/OneDrive/Desktop/quick-test/node_modules/@mswjs/interceptors/src/RequestController.ts:50:5)
    at handleRequest (file:///C:/Users/Paul/OneDrive/Desktop/quick-test/node_modules/@mswjs/interceptors/src/utils/handleRequest.ts:200:12)
    at fetchProxy (file:///C:/Users/Paul/OneDrive/Desktop/quick-test/node_modules/@mswjs/interceptors/src/interceptors/fetch/index.ts:185:7)
    at refreshToken (C:\Users\Paul\OneDrive\Desktop\quick-test\src\api\fetcher.ts:22:20)
    at customFetch (C:\Users\Paul\OneDrive\Desktop\quick-test\src\api\fetcher.ts:47:4)
    at o (file:///C:/Users/Paul/OneDrive/Desktop/quick-test/node_modules/@hey-api/client-fetch/src/client.ts:75:20) {
  [cause]: AggregateError: 
      at internalConnectMultiple (node:net:1134:18)
      at afterConnectMultiple (node:net:1715:7) {
    code: &apos;ECONNREFUSED&apos;,
    [errors]: [ [Error], [Error] ]
  }
}

            </system-err>
        </testcase>
    </testsuite>
</testsuites>
